{"/Users/miniaikon/workspace/s9/back-s9demo-v3/app.js": {"path":"/Users/miniaikon/workspace/s9/back-s9demo-v3/app.js","statementMap":{"0":{"start":{"line":15,"column":25},"end":{"line":73,"column":1}},"1":{"start":{"line":16,"column":14},"end":{"line":16,"column":23}},"2":{"start":{"line":17,"column":2},"end":{"line":17,"column":62}},"3":{"start":{"line":18,"column":2},"end":{"line":18,"column":68}},"4":{"start":{"line":19,"column":2},"end":{"line":19,"column":28}},"5":{"start":{"line":20,"column":2},"end":{"line":20,"column":52}},"6":{"start":{"line":21,"column":2},"end":{"line":21,"column":25}},"7":{"start":{"line":24,"column":25},"end":{"line":24,"column":84}},"8":{"start":{"line":25,"column":22},"end":{"line":55,"column":3}},"9":{"start":{"line":27,"column":6},"end":{"line":27,"column":46}},"10":{"start":{"line":27,"column":19},"end":{"line":27,"column":46}},"11":{"start":{"line":30,"column":27},"end":{"line":30,"column":51}},"12":{"start":{"line":33,"column":24},"end":{"line":44,"column":8}},"13":{"start":{"line":34,"column":8},"end":{"line":36,"column":9}},"14":{"start":{"line":35,"column":10},"end":{"line":35,"column":21}},"15":{"start":{"line":38,"column":8},"end":{"line":41,"column":9}},"16":{"start":{"line":39,"column":32},"end":{"line":39,"column":54}},"17":{"start":{"line":40,"column":10},"end":{"line":40,"column":53}},"18":{"start":{"line":43,"column":8},"end":{"line":43,"column":20}},"19":{"start":{"line":46,"column":6},"end":{"line":50,"column":7}},"20":{"start":{"line":47,"column":8},"end":{"line":47,"column":28}},"21":{"start":{"line":49,"column":8},"end":{"line":49,"column":50}},"22":{"start":{"line":56,"column":2},"end":{"line":56,"column":28}},"23":{"start":{"line":58,"column":2},"end":{"line":58,"column":29}},"24":{"start":{"line":59,"column":2},"end":{"line":59,"column":24}},"25":{"start":{"line":61,"column":2},"end":{"line":61,"column":31}},"26":{"start":{"line":62,"column":2},"end":{"line":62,"column":76}},"27":{"start":{"line":63,"column":2},"end":{"line":63,"column":74}},"28":{"start":{"line":64,"column":2},"end":{"line":64,"column":81}},"29":{"start":{"line":65,"column":2},"end":{"line":65,"column":84}},"30":{"start":{"line":67,"column":15},"end":{"line":67,"column":39}},"31":{"start":{"line":69,"column":17},"end":{"line":71,"column":4}},"32":{"start":{"line":70,"column":4},"end":{"line":70,"column":62}},"33":{"start":{"line":72,"column":2},"end":{"line":72,"column":24}}},"fnMap":{"0":{"name":"(anonymous_0)","decl":{"start":{"line":15,"column":25},"end":{"line":15,"column":26}},"loc":{"start":{"line":15,"column":124},"end":{"line":73,"column":1}},"line":15},"1":{"name":"(anonymous_1)","decl":{"start":{"line":26,"column":12},"end":{"line":26,"column":13}},"loc":{"start":{"line":26,"column":40},"end":{"line":51,"column":5}},"line":26},"2":{"name":"(anonymous_2)","decl":{"start":{"line":33,"column":44},"end":{"line":33,"column":45}},"loc":{"start":{"line":33,"column":63},"end":{"line":44,"column":7}},"line":33},"3":{"name":"(anonymous_3)","decl":{"start":{"line":69,"column":34},"end":{"line":69,"column":35}},"loc":{"start":{"line":69,"column":40},"end":{"line":71,"column":3}},"line":69}},"branchMap":{"0":{"loc":{"start":{"line":27,"column":6},"end":{"line":27,"column":46}},"type":"if","locations":[{"start":{"line":27,"column":6},"end":{"line":27,"column":46}},{"start":{},"end":{}}],"line":27},"1":{"loc":{"start":{"line":34,"column":8},"end":{"line":36,"column":9}},"type":"if","locations":[{"start":{"line":34,"column":8},"end":{"line":36,"column":9}},{"start":{},"end":{}}],"line":34},"2":{"loc":{"start":{"line":38,"column":8},"end":{"line":41,"column":9}},"type":"if","locations":[{"start":{"line":38,"column":8},"end":{"line":41,"column":9}},{"start":{},"end":{}}],"line":38},"3":{"loc":{"start":{"line":46,"column":6},"end":{"line":50,"column":7}},"type":"if","locations":[{"start":{"line":46,"column":6},"end":{"line":50,"column":7}},{"start":{"line":48,"column":13},"end":{"line":50,"column":7}}],"line":46},"4":{"loc":{"start":{"line":67,"column":15},"end":{"line":67,"column":39}},"type":"binary-expr","locations":[{"start":{"line":67,"column":15},"end":{"line":67,"column":31}},{"start":{"line":67,"column":35},"end":{"line":67,"column":39}}],"line":67}},"s":{"0":1,"1":1,"2":1,"3":1,"4":1,"5":1,"6":1,"7":1,"8":1,"9":4,"10":4,"11":0,"12":0,"13":0,"14":0,"15":0,"16":0,"17":0,"18":0,"19":0,"20":0,"21":0,"22":1,"23":1,"24":1,"25":1,"26":1,"27":1,"28":1,"29":1,"30":1,"31":1,"32":1,"33":1},"f":{"0":1,"1":4,"2":0,"3":1},"b":{"0":[4,0],"1":[0,0],"2":[0,0],"3":[0,0],"4":[1,0]},"_coverageSchema":"1a1c01bbd47fc00a2c39e90264f33305004495a9","hash":"61878b70abe3ded82144eefa414fc7f4d3ec021e"}
,"/Users/miniaikon/workspace/s9/back-s9demo-v3/src/controllers/AuthController.js": {"path":"/Users/miniaikon/workspace/s9/back-s9demo-v3/src/controllers/AuthController.js","statementMap":{"0":{"start":{"line":8,"column":4},"end":{"line":8,"column":50}},"1":{"start":{"line":9,"column":4},"end":{"line":9,"column":40}},"2":{"start":{"line":10,"column":4},"end":{"line":10,"column":43}},"3":{"start":{"line":13,"column":10},"end":{"line":42,"column":3}},"4":{"start":{"line":14,"column":4},"end":{"line":41,"column":5}},"5":{"start":{"line":15,"column":24},"end":{"line":15,"column":32}},"6":{"start":{"line":17,"column":6},"end":{"line":36,"column":7}},"7":{"start":{"line":18,"column":21},"end":{"line":18,"column":64}},"8":{"start":{"line":19,"column":8},"end":{"line":19,"column":87}},"9":{"start":{"line":19,"column":25},"end":{"line":19,"column":85}},"10":{"start":{"line":21,"column":20},"end":{"line":21,"column":60}},"11":{"start":{"line":23,"column":8},"end":{"line":28,"column":9}},"12":{"start":{"line":24,"column":10},"end":{"line":27,"column":11}},"13":{"start":{"line":30,"column":8},"end":{"line":33,"column":9}},"14":{"start":{"line":31,"column":10},"end":{"line":31,"column":50}},"15":{"start":{"line":32,"column":10},"end":{"line":32,"column":58}},"16":{"start":{"line":35,"column":8},"end":{"line":35,"column":57}},"17":{"start":{"line":38,"column":6},"end":{"line":38,"column":67}},"18":{"start":{"line":40,"column":6},"end":{"line":40,"column":63}},"19":{"start":{"line":44,"column":13},"end":{"line":62,"column":3}},"20":{"start":{"line":45,"column":4},"end":{"line":61,"column":5}},"21":{"start":{"line":46,"column":24},"end":{"line":46,"column":32}},"22":{"start":{"line":48,"column":19},"end":{"line":48,"column":62}},"23":{"start":{"line":49,"column":6},"end":{"line":51,"column":7}},"24":{"start":{"line":50,"column":8},"end":{"line":50,"column":68}},"25":{"start":{"line":53,"column":20},"end":{"line":53,"column":63}},"26":{"start":{"line":55,"column":6},"end":{"line":55,"column":104}},"27":{"start":{"line":55,"column":39},"end":{"line":55,"column":102}},"28":{"start":{"line":57,"column":6},"end":{"line":57,"column":55}},"29":{"start":{"line":59,"column":6},"end":{"line":59,"column":67}},"30":{"start":{"line":60,"column":6},"end":{"line":60,"column":63}},"31":{"start":{"line":64,"column":19},"end":{"line":113,"column":3}},"32":{"start":{"line":65,"column":4},"end":{"line":112,"column":5}},"33":{"start":{"line":66,"column":34},"end":{"line":66,"column":42}},"34":{"start":{"line":67,"column":20},"end":{"line":67,"column":43}},"35":{"start":{"line":69,"column":25},"end":{"line":69,"column":82}},"36":{"start":{"line":71,"column":6},"end":{"line":71,"column":104}},"37":{"start":{"line":71,"column":44},"end":{"line":71,"column":102}},"38":{"start":{"line":73,"column":6},"end":{"line":73,"column":114}},"39":{"start":{"line":73,"column":44},"end":{"line":73,"column":112}},"40":{"start":{"line":75,"column":6},"end":{"line":75,"column":128}},"41":{"start":{"line":75,"column":68},"end":{"line":75,"column":126}},"42":{"start":{"line":77,"column":19},"end":{"line":77,"column":102}},"43":{"start":{"line":79,"column":6},"end":{"line":79,"column":87}},"44":{"start":{"line":79,"column":27},"end":{"line":79,"column":85}},"45":{"start":{"line":81,"column":22},"end":{"line":86,"column":7}},"46":{"start":{"line":88,"column":23},"end":{"line":88,"column":43}},"47":{"start":{"line":90,"column":26},"end":{"line":98,"column":7}},"48":{"start":{"line":100,"column":22},"end":{"line":100,"column":46}},"49":{"start":{"line":102,"column":6},"end":{"line":108,"column":53}},"50":{"start":{"line":110,"column":6},"end":{"line":110,"column":67}},"51":{"start":{"line":111,"column":6},"end":{"line":111,"column":63}},"52":{"start":{"line":115,"column":18},"end":{"line":165,"column":3}},"53":{"start":{"line":116,"column":4},"end":{"line":164,"column":5}},"54":{"start":{"line":117,"column":34},"end":{"line":117,"column":42}},"55":{"start":{"line":119,"column":6},"end":{"line":121,"column":7}},"56":{"start":{"line":120,"column":8},"end":{"line":120,"column":65}},"57":{"start":{"line":123,"column":19},"end":{"line":123,"column":62}},"58":{"start":{"line":124,"column":6},"end":{"line":126,"column":7}},"59":{"start":{"line":125,"column":8},"end":{"line":125,"column":68}},"60":{"start":{"line":128,"column":30},"end":{"line":128,"column":86}},"61":{"start":{"line":129,"column":6},"end":{"line":131,"column":7}},"62":{"start":{"line":130,"column":8},"end":{"line":130,"column":73}},"63":{"start":{"line":133,"column":22},"end":{"line":138,"column":7}},"64":{"start":{"line":140,"column":23},"end":{"line":140,"column":43}},"65":{"start":{"line":142,"column":26},"end":{"line":150,"column":7}},"66":{"start":{"line":152,"column":22},"end":{"line":152,"column":46}},"67":{"start":{"line":154,"column":6},"end":{"line":160,"column":53}},"68":{"start":{"line":162,"column":6},"end":{"line":162,"column":67}},"69":{"start":{"line":163,"column":6},"end":{"line":163,"column":73}},"70":{"start":{"line":167,"column":13},"end":{"line":216,"column":3}},"71":{"start":{"line":168,"column":4},"end":{"line":215,"column":5}},"72":{"start":{"line":169,"column":43},"end":{"line":169,"column":52}},"73":{"start":{"line":170,"column":23},"end":{"line":170,"column":27}},"74":{"start":{"line":171,"column":6},"end":{"line":175,"column":7}},"75":{"start":{"line":172,"column":8},"end":{"line":172,"column":66}},"76":{"start":{"line":174,"column":8},"end":{"line":174,"column":65}},"77":{"start":{"line":177,"column":6},"end":{"line":177,"column":103}},"78":{"start":{"line":177,"column":43},"end":{"line":177,"column":101}},"79":{"start":{"line":179,"column":6},"end":{"line":179,"column":114}},"80":{"start":{"line":179,"column":54},"end":{"line":179,"column":112}},"81":{"start":{"line":181,"column":19},"end":{"line":181,"column":88}},"82":{"start":{"line":183,"column":6},"end":{"line":183,"column":87}},"83":{"start":{"line":183,"column":27},"end":{"line":183,"column":85}},"84":{"start":{"line":185,"column":22},"end":{"line":190,"column":7}},"85":{"start":{"line":192,"column":23},"end":{"line":192,"column":43}},"86":{"start":{"line":194,"column":26},"end":{"line":202,"column":7}},"87":{"start":{"line":204,"column":22},"end":{"line":204,"column":46}},"88":{"start":{"line":206,"column":6},"end":{"line":212,"column":53}},"89":{"start":{"line":214,"column":6},"end":{"line":214,"column":71}},"90":{"start":{"line":218,"column":11},"end":{"line":236,"column":3}},"91":{"start":{"line":219,"column":4},"end":{"line":235,"column":5}},"92":{"start":{"line":220,"column":6},"end":{"line":226,"column":8}},"93":{"start":{"line":228,"column":21},"end":{"line":228,"column":65}},"94":{"start":{"line":229,"column":6},"end":{"line":229,"column":106}},"95":{"start":{"line":231,"column":6},"end":{"line":231,"column":66}},"96":{"start":{"line":233,"column":6},"end":{"line":233,"column":67}},"97":{"start":{"line":234,"column":6},"end":{"line":234,"column":73}}},"fnMap":{"0":{"name":"(anonymous_0)","decl":{"start":{"line":7,"column":2},"end":{"line":7,"column":3}},"loc":{"start":{"line":7,"column":52},"end":{"line":11,"column":3}},"line":7},"1":{"name":"(anonymous_1)","decl":{"start":{"line":13,"column":10},"end":{"line":13,"column":11}},"loc":{"start":{"line":13,"column":30},"end":{"line":42,"column":3}},"line":13},"2":{"name":"(anonymous_2)","decl":{"start":{"line":44,"column":13},"end":{"line":44,"column":14}},"loc":{"start":{"line":44,"column":33},"end":{"line":62,"column":3}},"line":44},"3":{"name":"(anonymous_3)","decl":{"start":{"line":64,"column":19},"end":{"line":64,"column":20}},"loc":{"start":{"line":64,"column":39},"end":{"line":113,"column":3}},"line":64},"4":{"name":"(anonymous_4)","decl":{"start":{"line":115,"column":18},"end":{"line":115,"column":19}},"loc":{"start":{"line":115,"column":38},"end":{"line":165,"column":3}},"line":115},"5":{"name":"(anonymous_5)","decl":{"start":{"line":167,"column":13},"end":{"line":167,"column":14}},"loc":{"start":{"line":167,"column":33},"end":{"line":216,"column":3}},"line":167},"6":{"name":"(anonymous_6)","decl":{"start":{"line":218,"column":11},"end":{"line":218,"column":12}},"loc":{"start":{"line":218,"column":31},"end":{"line":236,"column":3}},"line":218}},"branchMap":{"0":{"loc":{"start":{"line":17,"column":6},"end":{"line":36,"column":7}},"type":"if","locations":[{"start":{"line":17,"column":6},"end":{"line":36,"column":7}},{"start":{},"end":{}}],"line":17},"1":{"loc":{"start":{"line":19,"column":8},"end":{"line":19,"column":87}},"type":"if","locations":[{"start":{"line":19,"column":8},"end":{"line":19,"column":87}},{"start":{},"end":{}}],"line":19},"2":{"loc":{"start":{"line":23,"column":8},"end":{"line":28,"column":9}},"type":"if","locations":[{"start":{"line":23,"column":8},"end":{"line":28,"column":9}},{"start":{},"end":{}}],"line":23},"3":{"loc":{"start":{"line":23,"column":12},"end":{"line":23,"column":64}},"type":"binary-expr","locations":[{"start":{"line":23,"column":12},"end":{"line":23,"column":36}},{"start":{"line":23,"column":40},"end":{"line":23,"column":64}}],"line":23},"4":{"loc":{"start":{"line":30,"column":8},"end":{"line":33,"column":9}},"type":"if","locations":[{"start":{"line":30,"column":8},"end":{"line":33,"column":9}},{"start":{},"end":{}}],"line":30},"5":{"loc":{"start":{"line":49,"column":6},"end":{"line":51,"column":7}},"type":"if","locations":[{"start":{"line":49,"column":6},"end":{"line":51,"column":7}},{"start":{},"end":{}}],"line":49},"6":{"loc":{"start":{"line":55,"column":6},"end":{"line":55,"column":104}},"type":"if","locations":[{"start":{"line":55,"column":6},"end":{"line":55,"column":104}},{"start":{},"end":{}}],"line":55},"7":{"loc":{"start":{"line":71,"column":6},"end":{"line":71,"column":104}},"type":"if","locations":[{"start":{"line":71,"column":6},"end":{"line":71,"column":104}},{"start":{},"end":{}}],"line":71},"8":{"loc":{"start":{"line":73,"column":6},"end":{"line":73,"column":114}},"type":"if","locations":[{"start":{"line":73,"column":6},"end":{"line":73,"column":114}},{"start":{},"end":{}}],"line":73},"9":{"loc":{"start":{"line":75,"column":6},"end":{"line":75,"column":128}},"type":"if","locations":[{"start":{"line":75,"column":6},"end":{"line":75,"column":128}},{"start":{},"end":{}}],"line":75},"10":{"loc":{"start":{"line":79,"column":6},"end":{"line":79,"column":87}},"type":"if","locations":[{"start":{"line":79,"column":6},"end":{"line":79,"column":87}},{"start":{},"end":{}}],"line":79},"11":{"loc":{"start":{"line":106,"column":20},"end":{"line":106,"column":77}},"type":"cond-expr","locations":[{"start":{"line":106,"column":63},"end":{"line":106,"column":69}},{"start":{"line":106,"column":72},"end":{"line":106,"column":77}}],"line":106},"12":{"loc":{"start":{"line":119,"column":6},"end":{"line":121,"column":7}},"type":"if","locations":[{"start":{"line":119,"column":6},"end":{"line":121,"column":7}},{"start":{},"end":{}}],"line":119},"13":{"loc":{"start":{"line":119,"column":10},"end":{"line":119,"column":29}},"type":"binary-expr","locations":[{"start":{"line":119,"column":10},"end":{"line":119,"column":19}},{"start":{"line":119,"column":23},"end":{"line":119,"column":29}}],"line":119},"14":{"loc":{"start":{"line":124,"column":6},"end":{"line":126,"column":7}},"type":"if","locations":[{"start":{"line":124,"column":6},"end":{"line":126,"column":7}},{"start":{},"end":{}}],"line":124},"15":{"loc":{"start":{"line":129,"column":6},"end":{"line":131,"column":7}},"type":"if","locations":[{"start":{"line":129,"column":6},"end":{"line":131,"column":7}},{"start":{},"end":{}}],"line":129},"16":{"loc":{"start":{"line":158,"column":20},"end":{"line":158,"column":77}},"type":"cond-expr","locations":[{"start":{"line":158,"column":63},"end":{"line":158,"column":69}},{"start":{"line":158,"column":72},"end":{"line":158,"column":77}}],"line":158},"17":{"loc":{"start":{"line":171,"column":6},"end":{"line":175,"column":7}},"type":"if","locations":[{"start":{"line":171,"column":6},"end":{"line":175,"column":7}},{"start":{"line":173,"column":13},"end":{"line":175,"column":7}}],"line":171},"18":{"loc":{"start":{"line":177,"column":6},"end":{"line":177,"column":103}},"type":"if","locations":[{"start":{"line":177,"column":6},"end":{"line":177,"column":103}},{"start":{},"end":{}}],"line":177},"19":{"loc":{"start":{"line":179,"column":6},"end":{"line":179,"column":114}},"type":"if","locations":[{"start":{"line":179,"column":6},"end":{"line":179,"column":114}},{"start":{},"end":{}}],"line":179},"20":{"loc":{"start":{"line":183,"column":6},"end":{"line":183,"column":87}},"type":"if","locations":[{"start":{"line":183,"column":6},"end":{"line":183,"column":87}},{"start":{},"end":{}}],"line":183},"21":{"loc":{"start":{"line":210,"column":20},"end":{"line":210,"column":77}},"type":"cond-expr","locations":[{"start":{"line":210,"column":63},"end":{"line":210,"column":69}},{"start":{"line":210,"column":72},"end":{"line":210,"column":77}}],"line":210},"22":{"loc":{"start":{"line":228,"column":21},"end":{"line":228,"column":65}},"type":"cond-expr","locations":[{"start":{"line":228,"column":37},"end":{"line":228,"column":53}},{"start":{"line":228,"column":56},"end":{"line":228,"column":65}}],"line":228}},"s":{"0":1,"1":1,"2":1,"3":1,"4":0,"5":0,"6":0,"7":0,"8":0,"9":0,"10":0,"11":0,"12":0,"13":0,"14":0,"15":0,"16":0,"17":0,"18":0,"19":1,"20":0,"21":0,"22":0,"23":0,"24":0,"25":0,"26":0,"27":0,"28":0,"29":0,"30":0,"31":1,"32":0,"33":0,"34":0,"35":0,"36":0,"37":0,"38":0,"39":0,"40":0,"41":0,"42":0,"43":0,"44":0,"45":0,"46":0,"47":0,"48":0,"49":0,"50":0,"51":0,"52":1,"53":4,"54":4,"55":4,"56":1,"57":3,"58":3,"59":1,"60":2,"61":2,"62":1,"63":1,"64":1,"65":1,"66":1,"67":1,"68":0,"69":0,"70":1,"71":0,"72":0,"73":0,"74":0,"75":0,"76":0,"77":0,"78":0,"79":0,"80":0,"81":0,"82":0,"83":0,"84":0,"85":0,"86":0,"87":0,"88":0,"89":0,"90":1,"91":0,"92":0,"93":0,"94":0,"95":0,"96":0,"97":0},"f":{"0":1,"1":0,"2":0,"3":0,"4":4,"5":0,"6":0},"b":{"0":[0,0],"1":[0,0],"2":[0,0],"3":[0,0],"4":[0,0],"5":[0,0],"6":[0,0],"7":[0,0],"8":[0,0],"9":[0,0],"10":[0,0],"11":[0,0],"12":[1,3],"13":[4,3],"14":[1,2],"15":[1,1],"16":[0,1],"17":[0,0],"18":[0,0],"19":[0,0],"20":[0,0],"21":[0,0],"22":[0,0]},"_coverageSchema":"1a1c01bbd47fc00a2c39e90264f33305004495a9","hash":"d6561b1edf04437938abcc5c0bcf133774f460c0"}
,"/Users/miniaikon/workspace/s9/back-s9demo-v3/src/controllers/ContactController.js": {"path":"/Users/miniaikon/workspace/s9/back-s9demo-v3/src/controllers/ContactController.js","statementMap":{"0":{"start":{"line":6,"column":4},"end":{"line":6,"column":54}},"1":{"start":{"line":7,"column":4},"end":{"line":7,"column":50}},"2":{"start":{"line":10,"column":18},"end":{"line":22,"column":3}},"3":{"start":{"line":11,"column":4},"end":{"line":21,"column":5}},"4":{"start":{"line":12,"column":25},"end":{"line":12,"column":59}},"5":{"start":{"line":13,"column":6},"end":{"line":13,"column":74}},"6":{"start":{"line":13,"column":33},"end":{"line":13,"column":72}},"7":{"start":{"line":15,"column":48},"end":{"line":15,"column":56}},"8":{"start":{"line":16,"column":23},"end":{"line":16,"column":97}},"9":{"start":{"line":18,"column":6},"end":{"line":18,"column":67}},"10":{"start":{"line":20,"column":6},"end":{"line":20,"column":72}},"11":{"start":{"line":24,"column":14},"end":{"line":36,"column":3}},"12":{"start":{"line":25,"column":4},"end":{"line":35,"column":5}},"13":{"start":{"line":26,"column":25},"end":{"line":26,"column":57}},"14":{"start":{"line":27,"column":6},"end":{"line":27,"column":74}},"15":{"start":{"line":27,"column":33},"end":{"line":27,"column":72}},"16":{"start":{"line":29,"column":27},"end":{"line":29,"column":35}},"17":{"start":{"line":30,"column":23},"end":{"line":30,"column":72}},"18":{"start":{"line":32,"column":6},"end":{"line":32,"column":67}},"19":{"start":{"line":34,"column":6},"end":{"line":34,"column":72}}},"fnMap":{"0":{"name":"(anonymous_0)","decl":{"start":{"line":5,"column":2},"end":{"line":5,"column":3}},"loc":{"start":{"line":5,"column":57},"end":{"line":8,"column":3}},"line":5},"1":{"name":"(anonymous_1)","decl":{"start":{"line":10,"column":18},"end":{"line":10,"column":19}},"loc":{"start":{"line":10,"column":38},"end":{"line":22,"column":3}},"line":10},"2":{"name":"(anonymous_2)","decl":{"start":{"line":24,"column":14},"end":{"line":24,"column":15}},"loc":{"start":{"line":24,"column":34},"end":{"line":36,"column":3}},"line":24}},"branchMap":{"0":{"loc":{"start":{"line":13,"column":6},"end":{"line":13,"column":74}},"type":"if","locations":[{"start":{"line":13,"column":6},"end":{"line":13,"column":74}},{"start":{},"end":{}}],"line":13},"1":{"loc":{"start":{"line":27,"column":6},"end":{"line":27,"column":74}},"type":"if","locations":[{"start":{"line":27,"column":6},"end":{"line":27,"column":74}},{"start":{},"end":{}}],"line":27}},"s":{"0":1,"1":1,"2":1,"3":0,"4":0,"5":0,"6":0,"7":0,"8":0,"9":0,"10":0,"11":1,"12":0,"13":0,"14":0,"15":0,"16":0,"17":0,"18":0,"19":0},"f":{"0":1,"1":0,"2":0},"b":{"0":[0,0],"1":[0,0]},"_coverageSchema":"1a1c01bbd47fc00a2c39e90264f33305004495a9","hash":"5e57fb56544144e95b866450f9d87e3a42e4d970"}
,"/Users/miniaikon/workspace/s9/back-s9demo-v3/src/controllers/ProfileController.js": {"path":"/Users/miniaikon/workspace/s9/back-s9demo-v3/src/controllers/ProfileController.js","statementMap":{"0":{"start":{"line":9,"column":4},"end":{"line":9,"column":40}},"1":{"start":{"line":10,"column":4},"end":{"line":10,"column":52}},"2":{"start":{"line":11,"column":4},"end":{"line":11,"column":46}},"3":{"start":{"line":14,"column":11},"end":{"line":35,"column":3}},"4":{"start":{"line":15,"column":4},"end":{"line":34,"column":5}},"5":{"start":{"line":16,"column":21},"end":{"line":16,"column":37}},"6":{"start":{"line":17,"column":19},"end":{"line":17,"column":27}},"7":{"start":{"line":19,"column":28},"end":{"line":19,"column":57}},"8":{"start":{"line":20,"column":6},"end":{"line":22,"column":7}},"9":{"start":{"line":21,"column":8},"end":{"line":21,"column":72}},"10":{"start":{"line":24,"column":23},"end":{"line":27,"column":7}},"11":{"start":{"line":29,"column":26},"end":{"line":29,"column":76}},"12":{"start":{"line":31,"column":6},"end":{"line":31,"column":61}},"13":{"start":{"line":33,"column":6},"end":{"line":33,"column":73}},"14":{"start":{"line":37,"column":19},"end":{"line":81,"column":3}},"15":{"start":{"line":38,"column":4},"end":{"line":80,"column":5}},"16":{"start":{"line":39,"column":29},"end":{"line":39,"column":63}},"17":{"start":{"line":40,"column":6},"end":{"line":42,"column":7}},"18":{"start":{"line":41,"column":8},"end":{"line":41,"column":73}},"19":{"start":{"line":44,"column":41},"end":{"line":44,"column":49}},"20":{"start":{"line":45,"column":21},"end":{"line":45,"column":37}},"21":{"start":{"line":46,"column":19},"end":{"line":46,"column":56}},"22":{"start":{"line":48,"column":6},"end":{"line":50,"column":7}},"23":{"start":{"line":49,"column":8},"end":{"line":49,"column":68}},"24":{"start":{"line":52,"column":26},"end":{"line":59,"column":8}},"25":{"start":{"line":61,"column":32},"end":{"line":61,"column":95}},"26":{"start":{"line":62,"column":6},"end":{"line":64,"column":7}},"27":{"start":{"line":63,"column":8},"end":{"line":63,"column":83}},"28":{"start":{"line":66,"column":28},"end":{"line":66,"column":40}},"29":{"start":{"line":67,"column":32},"end":{"line":67,"column":116}},"30":{"start":{"line":69,"column":6},"end":{"line":72,"column":8}},"31":{"start":{"line":74,"column":26},"end":{"line":74,"column":63}},"32":{"start":{"line":76,"column":6},"end":{"line":76,"column":94}},"33":{"start":{"line":78,"column":6},"end":{"line":78,"column":30}},"34":{"start":{"line":79,"column":6},"end":{"line":79,"column":73}},"35":{"start":{"line":83,"column":18},"end":{"line":105,"column":3}},"36":{"start":{"line":84,"column":4},"end":{"line":104,"column":5}},"37":{"start":{"line":85,"column":21},"end":{"line":85,"column":37}},"38":{"start":{"line":86,"column":26},"end":{"line":86,"column":34}},"39":{"start":{"line":88,"column":6},"end":{"line":90,"column":7}},"40":{"start":{"line":89,"column":8},"end":{"line":89,"column":73}},"41":{"start":{"line":92,"column":24},"end":{"line":92,"column":85}},"42":{"start":{"line":94,"column":23},"end":{"line":96,"column":7}},"43":{"start":{"line":98,"column":28},"end":{"line":98,"column":78}},"44":{"start":{"line":100,"column":6},"end":{"line":100,"column":74}},"45":{"start":{"line":102,"column":6},"end":{"line":102,"column":52}},"46":{"start":{"line":103,"column":6},"end":{"line":103,"column":73}},"47":{"start":{"line":107,"column":11},"end":{"line":113,"column":3}},"48":{"start":{"line":108,"column":17},"end":{"line":108,"column":64}},"49":{"start":{"line":110,"column":4},"end":{"line":110,"column":75}},"50":{"start":{"line":110,"column":15},"end":{"line":110,"column":75}},"51":{"start":{"line":112,"column":4},"end":{"line":112,"column":61}}},"fnMap":{"0":{"name":"(anonymous_0)","decl":{"start":{"line":8,"column":2},"end":{"line":8,"column":3}},"loc":{"start":{"line":8,"column":53},"end":{"line":12,"column":3}},"line":8},"1":{"name":"(anonymous_1)","decl":{"start":{"line":14,"column":11},"end":{"line":14,"column":12}},"loc":{"start":{"line":14,"column":31},"end":{"line":35,"column":3}},"line":14},"2":{"name":"(anonymous_2)","decl":{"start":{"line":37,"column":19},"end":{"line":37,"column":20}},"loc":{"start":{"line":37,"column":39},"end":{"line":81,"column":3}},"line":37},"3":{"name":"(anonymous_3)","decl":{"start":{"line":83,"column":18},"end":{"line":83,"column":19}},"loc":{"start":{"line":83,"column":38},"end":{"line":105,"column":3}},"line":83},"4":{"name":"(anonymous_4)","decl":{"start":{"line":107,"column":11},"end":{"line":107,"column":12}},"loc":{"start":{"line":107,"column":31},"end":{"line":113,"column":3}},"line":107}},"branchMap":{"0":{"loc":{"start":{"line":20,"column":6},"end":{"line":22,"column":7}},"type":"if","locations":[{"start":{"line":20,"column":6},"end":{"line":22,"column":7}},{"start":{},"end":{}}],"line":20},"1":{"loc":{"start":{"line":40,"column":6},"end":{"line":42,"column":7}},"type":"if","locations":[{"start":{"line":40,"column":6},"end":{"line":42,"column":7}},{"start":{},"end":{}}],"line":40},"2":{"loc":{"start":{"line":48,"column":6},"end":{"line":50,"column":7}},"type":"if","locations":[{"start":{"line":48,"column":6},"end":{"line":50,"column":7}},{"start":{},"end":{}}],"line":48},"3":{"loc":{"start":{"line":62,"column":6},"end":{"line":64,"column":7}},"type":"if","locations":[{"start":{"line":62,"column":6},"end":{"line":64,"column":7}},{"start":{},"end":{}}],"line":62},"4":{"loc":{"start":{"line":88,"column":6},"end":{"line":90,"column":7}},"type":"if","locations":[{"start":{"line":88,"column":6},"end":{"line":90,"column":7}},{"start":{},"end":{}}],"line":88},"5":{"loc":{"start":{"line":110,"column":4},"end":{"line":110,"column":75}},"type":"if","locations":[{"start":{"line":110,"column":4},"end":{"line":110,"column":75}},{"start":{},"end":{}}],"line":110}},"s":{"0":1,"1":1,"2":1,"3":1,"4":0,"5":0,"6":0,"7":0,"8":0,"9":0,"10":0,"11":0,"12":0,"13":0,"14":1,"15":0,"16":0,"17":0,"18":0,"19":0,"20":0,"21":0,"22":0,"23":0,"24":0,"25":0,"26":0,"27":0,"28":0,"29":0,"30":0,"31":0,"32":0,"33":0,"34":0,"35":1,"36":0,"37":0,"38":0,"39":0,"40":0,"41":0,"42":0,"43":0,"44":0,"45":0,"46":0,"47":1,"48":0,"49":0,"50":0,"51":0},"f":{"0":1,"1":0,"2":0,"3":0,"4":0},"b":{"0":[0,0],"1":[0,0],"2":[0,0],"3":[0,0],"4":[0,0],"5":[0,0]},"_coverageSchema":"1a1c01bbd47fc00a2c39e90264f33305004495a9","hash":"c58e68d4eaada49bd3f60ccfb3d0544d31d9fdd2"}
,"/Users/miniaikon/workspace/s9/back-s9demo-v3/src/controllers/UserController.js": {"path":"/Users/miniaikon/workspace/s9/back-s9demo-v3/src/controllers/UserController.js","statementMap":{"0":{"start":{"line":9,"column":4},"end":{"line":9,"column":40}},"1":{"start":{"line":10,"column":4},"end":{"line":10,"column":52}},"2":{"start":{"line":11,"column":4},"end":{"line":11,"column":44}},"3":{"start":{"line":14,"column":10},"end":{"line":39,"column":3}},"4":{"start":{"line":15,"column":4},"end":{"line":38,"column":5}},"5":{"start":{"line":16,"column":21},"end":{"line":16,"column":30}},"6":{"start":{"line":17,"column":17},"end":{"line":17,"column":18}},"7":{"start":{"line":18,"column":6},"end":{"line":18,"column":56}},"8":{"start":{"line":18,"column":26},"end":{"line":18,"column":54}},"9":{"start":{"line":20,"column":18},"end":{"line":20,"column":22}},"10":{"start":{"line":21,"column":6},"end":{"line":21,"column":59}},"11":{"start":{"line":21,"column":27},"end":{"line":21,"column":57}},"12":{"start":{"line":23,"column":28},"end":{"line":23,"column":34}},"13":{"start":{"line":25,"column":22},"end":{"line":25,"column":71}},"14":{"start":{"line":26,"column":6},"end":{"line":32,"column":7}},"15":{"start":{"line":27,"column":8},"end":{"line":31,"column":9}},"16":{"start":{"line":27,"column":21},"end":{"line":27,"column":22}},"17":{"start":{"line":28,"column":27},"end":{"line":28,"column":39}},"18":{"start":{"line":30,"column":10},"end":{"line":30,"column":81}},"19":{"start":{"line":34,"column":6},"end":{"line":34,"column":57}},"20":{"start":{"line":36,"column":6},"end":{"line":36,"column":52}},"21":{"start":{"line":37,"column":6},"end":{"line":37,"column":66}},"22":{"start":{"line":41,"column":9},"end":{"line":56,"column":3}},"23":{"start":{"line":42,"column":4},"end":{"line":55,"column":5}},"24":{"start":{"line":43,"column":6},"end":{"line":43,"column":88}},"25":{"start":{"line":43,"column":29},"end":{"line":43,"column":86}},"26":{"start":{"line":45,"column":21},"end":{"line":45,"column":31}},"27":{"start":{"line":47,"column":19},"end":{"line":47,"column":52}},"28":{"start":{"line":49,"column":6},"end":{"line":49,"column":81}},"29":{"start":{"line":49,"column":19},"end":{"line":49,"column":79}},"30":{"start":{"line":51,"column":6},"end":{"line":51,"column":54}},"31":{"start":{"line":53,"column":6},"end":{"line":53,"column":67}},"32":{"start":{"line":54,"column":6},"end":{"line":54,"column":73}},"33":{"start":{"line":58,"column":10},"end":{"line":84,"column":3}},"34":{"start":{"line":59,"column":4},"end":{"line":83,"column":5}},"35":{"start":{"line":60,"column":19},"end":{"line":60,"column":27}},"36":{"start":{"line":61,"column":25},"end":{"line":61,"column":51}},"37":{"start":{"line":62,"column":6},"end":{"line":64,"column":7}},"38":{"start":{"line":63,"column":8},"end":{"line":63,"column":69}},"39":{"start":{"line":66,"column":25},"end":{"line":66,"column":73}},"40":{"start":{"line":67,"column":6},"end":{"line":67,"column":91}},"41":{"start":{"line":67,"column":24},"end":{"line":67,"column":89}},"42":{"start":{"line":69,"column":23},"end":{"line":75,"column":7}},"43":{"start":{"line":77,"column":19},"end":{"line":77,"column":61}},"44":{"start":{"line":79,"column":6},"end":{"line":79,"column":54}},"45":{"start":{"line":81,"column":6},"end":{"line":81,"column":57}},"46":{"start":{"line":82,"column":6},"end":{"line":82,"column":73}},"47":{"start":{"line":86,"column":11},"end":{"line":132,"column":3}},"48":{"start":{"line":87,"column":4},"end":{"line":131,"column":5}},"49":{"start":{"line":88,"column":6},"end":{"line":88,"column":88}},"50":{"start":{"line":88,"column":29},"end":{"line":88,"column":86}},"51":{"start":{"line":90,"column":21},"end":{"line":90,"column":31}},"52":{"start":{"line":91,"column":19},"end":{"line":91,"column":27}},"53":{"start":{"line":92,"column":25},"end":{"line":92,"column":57}},"54":{"start":{"line":93,"column":6},"end":{"line":95,"column":7}},"55":{"start":{"line":94,"column":8},"end":{"line":94,"column":69}},"56":{"start":{"line":97,"column":19},"end":{"line":97,"column":52}},"57":{"start":{"line":98,"column":6},"end":{"line":98,"column":81}},"58":{"start":{"line":98,"column":19},"end":{"line":98,"column":79}},"59":{"start":{"line":100,"column":21},"end":{"line":105,"column":7}},"60":{"start":{"line":106,"column":22},"end":{"line":106,"column":26}},"61":{"start":{"line":107,"column":6},"end":{"line":110,"column":7}},"62":{"start":{"line":108,"column":8},"end":{"line":108,"column":87}},"63":{"start":{"line":109,"column":8},"end":{"line":109,"column":54}},"64":{"start":{"line":112,"column":6},"end":{"line":123,"column":7}},"65":{"start":{"line":113,"column":28},"end":{"line":120,"column":10}},"66":{"start":{"line":121,"column":25},"end":{"line":121,"column":83}},"67":{"start":{"line":122,"column":8},"end":{"line":122,"column":44}},"68":{"start":{"line":125,"column":26},"end":{"line":125,"column":72}},"69":{"start":{"line":127,"column":6},"end":{"line":127,"column":61}},"70":{"start":{"line":129,"column":6},"end":{"line":129,"column":77}},"71":{"start":{"line":130,"column":6},"end":{"line":130,"column":73}},"72":{"start":{"line":134,"column":12},"end":{"line":149,"column":3}},"73":{"start":{"line":135,"column":4},"end":{"line":148,"column":5}},"74":{"start":{"line":136,"column":6},"end":{"line":136,"column":88}},"75":{"start":{"line":136,"column":29},"end":{"line":136,"column":86}},"76":{"start":{"line":138,"column":21},"end":{"line":138,"column":31}},"77":{"start":{"line":140,"column":19},"end":{"line":140,"column":52}},"78":{"start":{"line":141,"column":6},"end":{"line":141,"column":81}},"79":{"start":{"line":141,"column":19},"end":{"line":141,"column":79}},"80":{"start":{"line":143,"column":6},"end":{"line":143,"column":42}},"81":{"start":{"line":145,"column":6},"end":{"line":145,"column":64}},"82":{"start":{"line":147,"column":6},"end":{"line":147,"column":73}}},"fnMap":{"0":{"name":"(anonymous_0)","decl":{"start":{"line":8,"column":2},"end":{"line":8,"column":3}},"loc":{"start":{"line":8,"column":53},"end":{"line":12,"column":3}},"line":8},"1":{"name":"(anonymous_1)","decl":{"start":{"line":14,"column":10},"end":{"line":14,"column":11}},"loc":{"start":{"line":14,"column":30},"end":{"line":39,"column":3}},"line":14},"2":{"name":"(anonymous_2)","decl":{"start":{"line":41,"column":9},"end":{"line":41,"column":10}},"loc":{"start":{"line":41,"column":29},"end":{"line":56,"column":3}},"line":41},"3":{"name":"(anonymous_3)","decl":{"start":{"line":58,"column":10},"end":{"line":58,"column":11}},"loc":{"start":{"line":58,"column":30},"end":{"line":84,"column":3}},"line":58},"4":{"name":"(anonymous_4)","decl":{"start":{"line":86,"column":11},"end":{"line":86,"column":12}},"loc":{"start":{"line":86,"column":31},"end":{"line":132,"column":3}},"line":86},"5":{"name":"(anonymous_5)","decl":{"start":{"line":134,"column":12},"end":{"line":134,"column":13}},"loc":{"start":{"line":134,"column":32},"end":{"line":149,"column":3}},"line":134}},"branchMap":{"0":{"loc":{"start":{"line":18,"column":6},"end":{"line":18,"column":56}},"type":"if","locations":[{"start":{"line":18,"column":6},"end":{"line":18,"column":56}},{"start":{},"end":{}}],"line":18},"1":{"loc":{"start":{"line":21,"column":6},"end":{"line":21,"column":59}},"type":"if","locations":[{"start":{"line":21,"column":6},"end":{"line":21,"column":59}},{"start":{},"end":{}}],"line":21},"2":{"loc":{"start":{"line":26,"column":6},"end":{"line":32,"column":7}},"type":"if","locations":[{"start":{"line":26,"column":6},"end":{"line":32,"column":7}},{"start":{},"end":{}}],"line":26},"3":{"loc":{"start":{"line":43,"column":6},"end":{"line":43,"column":88}},"type":"if","locations":[{"start":{"line":43,"column":6},"end":{"line":43,"column":88}},{"start":{},"end":{}}],"line":43},"4":{"loc":{"start":{"line":49,"column":6},"end":{"line":49,"column":81}},"type":"if","locations":[{"start":{"line":49,"column":6},"end":{"line":49,"column":81}},{"start":{},"end":{}}],"line":49},"5":{"loc":{"start":{"line":62,"column":6},"end":{"line":64,"column":7}},"type":"if","locations":[{"start":{"line":62,"column":6},"end":{"line":64,"column":7}},{"start":{},"end":{}}],"line":62},"6":{"loc":{"start":{"line":67,"column":6},"end":{"line":67,"column":91}},"type":"if","locations":[{"start":{"line":67,"column":6},"end":{"line":67,"column":91}},{"start":{},"end":{}}],"line":67},"7":{"loc":{"start":{"line":88,"column":6},"end":{"line":88,"column":88}},"type":"if","locations":[{"start":{"line":88,"column":6},"end":{"line":88,"column":88}},{"start":{},"end":{}}],"line":88},"8":{"loc":{"start":{"line":93,"column":6},"end":{"line":95,"column":7}},"type":"if","locations":[{"start":{"line":93,"column":6},"end":{"line":95,"column":7}},{"start":{},"end":{}}],"line":93},"9":{"loc":{"start":{"line":98,"column":6},"end":{"line":98,"column":81}},"type":"if","locations":[{"start":{"line":98,"column":6},"end":{"line":98,"column":81}},{"start":{},"end":{}}],"line":98},"10":{"loc":{"start":{"line":107,"column":6},"end":{"line":110,"column":7}},"type":"if","locations":[{"start":{"line":107,"column":6},"end":{"line":110,"column":7}},{"start":{},"end":{}}],"line":107},"11":{"loc":{"start":{"line":112,"column":6},"end":{"line":123,"column":7}},"type":"if","locations":[{"start":{"line":112,"column":6},"end":{"line":123,"column":7}},{"start":{},"end":{}}],"line":112},"12":{"loc":{"start":{"line":136,"column":6},"end":{"line":136,"column":88}},"type":"if","locations":[{"start":{"line":136,"column":6},"end":{"line":136,"column":88}},{"start":{},"end":{}}],"line":136},"13":{"loc":{"start":{"line":141,"column":6},"end":{"line":141,"column":81}},"type":"if","locations":[{"start":{"line":141,"column":6},"end":{"line":141,"column":81}},{"start":{},"end":{}}],"line":141}},"s":{"0":1,"1":1,"2":1,"3":1,"4":0,"5":0,"6":0,"7":0,"8":0,"9":0,"10":0,"11":0,"12":0,"13":0,"14":0,"15":0,"16":0,"17":0,"18":0,"19":0,"20":0,"21":0,"22":1,"23":0,"24":0,"25":0,"26":0,"27":0,"28":0,"29":0,"30":0,"31":0,"32":0,"33":1,"34":0,"35":0,"36":0,"37":0,"38":0,"39":0,"40":0,"41":0,"42":0,"43":0,"44":0,"45":0,"46":0,"47":1,"48":0,"49":0,"50":0,"51":0,"52":0,"53":0,"54":0,"55":0,"56":0,"57":0,"58":0,"59":0,"60":0,"61":0,"62":0,"63":0,"64":0,"65":0,"66":0,"67":0,"68":0,"69":0,"70":0,"71":0,"72":1,"73":0,"74":0,"75":0,"76":0,"77":0,"78":0,"79":0,"80":0,"81":0,"82":0},"f":{"0":1,"1":0,"2":0,"3":0,"4":0,"5":0},"b":{"0":[0,0],"1":[0,0],"2":[0,0],"3":[0,0],"4":[0,0],"5":[0,0],"6":[0,0],"7":[0,0],"8":[0,0],"9":[0,0],"10":[0,0],"11":[0,0],"12":[0,0],"13":[0,0]},"_coverageSchema":"1a1c01bbd47fc00a2c39e90264f33305004495a9","hash":"7833ab930911aea972b0efffbdb41346f2ea1bf0"}
,"/Users/miniaikon/workspace/s9/back-s9demo-v3/src/middlewares/auth.js": {"path":"/Users/miniaikon/workspace/s9/back-s9demo-v3/src/middlewares/auth.js","statementMap":{"0":{"start":{"line":6,"column":15},"end":{"line":6,"column":47}},"1":{"start":{"line":8,"column":26},"end":{"line":46,"column":1}},"2":{"start":{"line":9,"column":2},"end":{"line":45,"column":3}},"3":{"start":{"line":10,"column":23},"end":{"line":10,"column":48}},"4":{"start":{"line":11,"column":18},"end":{"line":11,"column":42}},"5":{"start":{"line":12,"column":4},"end":{"line":28,"column":5}},"6":{"start":{"line":13,"column":24},"end":{"line":13,"column":42}},"7":{"start":{"line":15,"column":8},"end":{"line":15,"column":107}},"8":{"start":{"line":15,"column":47},"end":{"line":15,"column":105}},"9":{"start":{"line":17,"column":8},"end":{"line":17,"column":34}},"10":{"start":{"line":18,"column":8},"end":{"line":18,"column":31}},"11":{"start":{"line":20,"column":6},"end":{"line":24,"column":7}},"12":{"start":{"line":21,"column":8},"end":{"line":21,"column":14}},"13":{"start":{"line":23,"column":8},"end":{"line":23,"column":66}},"14":{"start":{"line":26,"column":6},"end":{"line":26,"column":62}},"15":{"start":{"line":27,"column":6},"end":{"line":27,"column":64}},"16":{"start":{"line":30,"column":18},"end":{"line":30,"column":42}},"17":{"start":{"line":31,"column":4},"end":{"line":31,"column":78}},"18":{"start":{"line":31,"column":18},"end":{"line":31,"column":76}},"19":{"start":{"line":33,"column":4},"end":{"line":44,"column":5}},"20":{"start":{"line":34,"column":22},"end":{"line":34,"column":40}},"21":{"start":{"line":36,"column":6},"end":{"line":36,"column":105}},"22":{"start":{"line":36,"column":45},"end":{"line":36,"column":103}},"23":{"start":{"line":38,"column":6},"end":{"line":38,"column":33}},"24":{"start":{"line":39,"column":6},"end":{"line":39,"column":29}},"25":{"start":{"line":40,"column":6},"end":{"line":40,"column":12}},"26":{"start":{"line":42,"column":6},"end":{"line":42,"column":62}},"27":{"start":{"line":43,"column":6},"end":{"line":43,"column":64}}},"fnMap":{"0":{"name":"(anonymous_0)","decl":{"start":{"line":8,"column":26},"end":{"line":8,"column":27}},"loc":{"start":{"line":8,"column":52},"end":{"line":46,"column":1}},"line":8}},"branchMap":{"0":{"loc":{"start":{"line":9,"column":2},"end":{"line":45,"column":3}},"type":"if","locations":[{"start":{"line":9,"column":2},"end":{"line":45,"column":3}},{"start":{"line":29,"column":9},"end":{"line":45,"column":3}}],"line":9},"1":{"loc":{"start":{"line":15,"column":8},"end":{"line":15,"column":107}},"type":"if","locations":[{"start":{"line":15,"column":8},"end":{"line":15,"column":107}},{"start":{},"end":{}}],"line":15},"2":{"loc":{"start":{"line":20,"column":6},"end":{"line":24,"column":7}},"type":"if","locations":[{"start":{"line":20,"column":6},"end":{"line":24,"column":7}},{"start":{"line":22,"column":13},"end":{"line":24,"column":7}}],"line":20},"3":{"loc":{"start":{"line":31,"column":4},"end":{"line":31,"column":78}},"type":"if","locations":[{"start":{"line":31,"column":4},"end":{"line":31,"column":78}},{"start":{},"end":{}}],"line":31},"4":{"loc":{"start":{"line":36,"column":6},"end":{"line":36,"column":105}},"type":"if","locations":[{"start":{"line":36,"column":6},"end":{"line":36,"column":105}},{"start":{},"end":{}}],"line":36}},"s":{"0":1,"1":1,"2":0,"3":0,"4":0,"5":0,"6":0,"7":0,"8":0,"9":0,"10":0,"11":0,"12":0,"13":0,"14":0,"15":0,"16":0,"17":0,"18":0,"19":0,"20":0,"21":0,"22":0,"23":0,"24":0,"25":0,"26":0,"27":0},"f":{"0":0},"b":{"0":[0,0],"1":[0,0],"2":[0,0],"3":[0,0],"4":[0,0]},"_coverageSchema":"1a1c01bbd47fc00a2c39e90264f33305004495a9","hash":"8bd25bd763e8f30178b9813fd9ea02827377216e"}
,"/Users/miniaikon/workspace/s9/back-s9demo-v3/src/repositories/BlobRepository.js": {"path":"/Users/miniaikon/workspace/s9/back-s9demo-v3/src/repositories/BlobRepository.js","statementMap":{"0":{"start":{"line":6,"column":22},"end":{"line":6,"column":54}},"1":{"start":{"line":7,"column":23},"end":{"line":7,"column":41}},"2":{"start":{"line":8,"column":19},"end":{"line":8,"column":52}},"3":{"start":{"line":9,"column":20},"end":{"line":9,"column":97}},"4":{"start":{"line":11,"column":4},"end":{"line":11,"column":14}}},"fnMap":{"0":{"name":"(anonymous_0)","decl":{"start":{"line":4,"column":2},"end":{"line":4,"column":3}},"loc":{"start":{"line":4,"column":40},"end":{"line":12,"column":3}},"line":4}},"branchMap":{},"s":{"0":0,"1":0,"2":0,"3":0,"4":0},"f":{"0":0},"b":{},"_coverageSchema":"1a1c01bbd47fc00a2c39e90264f33305004495a9","hash":"e43a9e1275caae272d1a5a122ac4c55c0a44d3d0"}
,"/Users/miniaikon/workspace/s9/back-s9demo-v3/src/repositories/PermanentTokenRepository.js": {"path":"/Users/miniaikon/workspace/s9/back-s9demo-v3/src/repositories/PermanentTokenRepository.js","statementMap":{"0":{"start":{"line":6,"column":18},"end":{"line":6,"column":27}},"1":{"start":{"line":7,"column":19},"end":{"line":7,"column":32}},"2":{"start":{"line":8,"column":17},"end":{"line":8,"column":62}},"3":{"start":{"line":9,"column":23},"end":{"line":9,"column":55}},"4":{"start":{"line":10,"column":4},"end":{"line":10,"column":41}},"5":{"start":{"line":12,"column":24},"end":{"line":14,"column":5}},"6":{"start":{"line":16,"column":4},"end":{"line":33,"column":5}},"7":{"start":{"line":17,"column":6},"end":{"line":22,"column":7}},"8":{"start":{"line":18,"column":28},"end":{"line":18,"column":48}},"9":{"start":{"line":19,"column":8},"end":{"line":21,"column":9}},"10":{"start":{"line":24,"column":27},"end":{"line":24,"column":41}},"11":{"start":{"line":25,"column":6},"end":{"line":32,"column":8}},"12":{"start":{"line":26,"column":8},"end":{"line":31,"column":9}},"13":{"start":{"line":27,"column":10},"end":{"line":30,"column":11}},"14":{"start":{"line":35,"column":20},"end":{"line":42,"column":6}},"15":{"start":{"line":44,"column":18},"end":{"line":46,"column":6}},"16":{"start":{"line":48,"column":4},"end":{"line":53,"column":5}},"17":{"start":{"line":57,"column":19},"end":{"line":62,"column":6}},"18":{"start":{"line":64,"column":4},"end":{"line":64,"column":17}},"19":{"start":{"line":68,"column":19},"end":{"line":73,"column":6}},"20":{"start":{"line":75,"column":4},"end":{"line":75,"column":17}},"21":{"start":{"line":79,"column":30},"end":{"line":79,"column":34}},"22":{"start":{"line":80,"column":17},"end":{"line":80,"column":27}},"23":{"start":{"line":81,"column":22},"end":{"line":81,"column":36}},"24":{"start":{"line":82,"column":18},"end":{"line":82,"column":87}},"25":{"start":{"line":83,"column":23},"end":{"line":83,"column":42}},"26":{"start":{"line":85,"column":19},"end":{"line":92,"column":6}},"27":{"start":{"line":94,"column":4},"end":{"line":94,"column":17}},"28":{"start":{"line":98,"column":37},"end":{"line":98,"column":41}},"29":{"start":{"line":99,"column":23},"end":{"line":99,"column":42}},"30":{"start":{"line":100,"column":4},"end":{"line":100,"column":21}},"31":{"start":{"line":102,"column":19},"end":{"line":110,"column":6}},"32":{"start":{"line":112,"column":4},"end":{"line":112,"column":17}},"33":{"start":{"line":116,"column":4},"end":{"line":116,"column":21}},"34":{"start":{"line":118,"column":19},"end":{"line":120,"column":6}},"35":{"start":{"line":122,"column":4},"end":{"line":122,"column":17}},"36":{"start":{"line":126,"column":4},"end":{"line":126,"column":21}},"37":{"start":{"line":128,"column":19},"end":{"line":131,"column":6}},"38":{"start":{"line":133,"column":4},"end":{"line":133,"column":17}}},"fnMap":{"0":{"name":"(anonymous_0)","decl":{"start":{"line":5,"column":2},"end":{"line":5,"column":3}},"loc":{"start":{"line":5,"column":71},"end":{"line":54,"column":3}},"line":5},"1":{"name":"(anonymous_1)","decl":{"start":{"line":25,"column":27},"end":{"line":25,"column":28}},"loc":{"start":{"line":25,"column":36},"end":{"line":32,"column":7}},"line":25},"2":{"name":"(anonymous_2)","decl":{"start":{"line":56,"column":2},"end":{"line":56,"column":3}},"loc":{"start":{"line":56,"column":24},"end":{"line":65,"column":3}},"line":56},"3":{"name":"(anonymous_3)","decl":{"start":{"line":67,"column":2},"end":{"line":67,"column":3}},"loc":{"start":{"line":67,"column":34},"end":{"line":76,"column":3}},"line":67},"4":{"name":"(anonymous_4)","decl":{"start":{"line":78,"column":2},"end":{"line":78,"column":3}},"loc":{"start":{"line":78,"column":40},"end":{"line":95,"column":3}},"line":78},"5":{"name":"(anonymous_5)","decl":{"start":{"line":97,"column":2},"end":{"line":97,"column":3}},"loc":{"start":{"line":97,"column":43},"end":{"line":113,"column":3}},"line":97},"6":{"name":"(anonymous_6)","decl":{"start":{"line":115,"column":2},"end":{"line":115,"column":3}},"loc":{"start":{"line":115,"column":27},"end":{"line":123,"column":3}},"line":115},"7":{"name":"(anonymous_7)","decl":{"start":{"line":125,"column":2},"end":{"line":125,"column":3}},"loc":{"start":{"line":125,"column":28},"end":{"line":134,"column":3}},"line":125}},"branchMap":{"0":{"loc":{"start":{"line":6,"column":18},"end":{"line":6,"column":27}},"type":"binary-expr","locations":[{"start":{"line":6,"column":18},"end":{"line":6,"column":22}},{"start":{"line":6,"column":26},"end":{"line":6,"column":27}}],"line":6},"1":{"loc":{"start":{"line":7,"column":19},"end":{"line":7,"column":32}},"type":"binary-expr","locations":[{"start":{"line":7,"column":19},"end":{"line":7,"column":24}},{"start":{"line":7,"column":28},"end":{"line":7,"column":32}}],"line":7},"2":{"loc":{"start":{"line":8,"column":17},"end":{"line":8,"column":62}},"type":"cond-expr","locations":[{"start":{"line":8,"column":35},"end":{"line":8,"column":55}},{"start":{"line":8,"column":58},"end":{"line":8,"column":62}}],"line":8},"3":{"loc":{"start":{"line":9,"column":23},"end":{"line":9,"column":55}},"type":"cond-expr","locations":[{"start":{"line":9,"column":41},"end":{"line":9,"column":46}},{"start":{"line":9,"column":49},"end":{"line":9,"column":55}}],"line":9},"4":{"loc":{"start":{"line":10,"column":16},"end":{"line":10,"column":41}},"type":"binary-expr","locations":[{"start":{"line":10,"column":16},"end":{"line":10,"column":25}},{"start":{"line":10,"column":29},"end":{"line":10,"column":41}}],"line":10},"5":{"loc":{"start":{"line":16,"column":4},"end":{"line":33,"column":5}},"type":"if","locations":[{"start":{"line":16,"column":4},"end":{"line":33,"column":5}},{"start":{},"end":{}}],"line":16},"6":{"loc":{"start":{"line":17,"column":6},"end":{"line":22,"column":7}},"type":"if","locations":[{"start":{"line":17,"column":6},"end":{"line":22,"column":7}},{"start":{},"end":{}}],"line":17},"7":{"loc":{"start":{"line":17,"column":10},"end":{"line":17,"column":48}},"type":"binary-expr","locations":[{"start":{"line":17,"column":10},"end":{"line":17,"column":24}},{"start":{"line":17,"column":28},"end":{"line":17,"column":48}}],"line":17},"8":{"loc":{"start":{"line":26,"column":8},"end":{"line":31,"column":9}},"type":"if","locations":[{"start":{"line":26,"column":8},"end":{"line":31,"column":9}},{"start":{},"end":{}}],"line":26},"9":{"loc":{"start":{"line":26,"column":12},"end":{"line":26,"column":65}},"type":"binary-expr","locations":[{"start":{"line":26,"column":12},"end":{"line":26,"column":26}},{"start":{"line":26,"column":30},"end":{"line":26,"column":65}}],"line":26}},"s":{"0":0,"1":0,"2":0,"3":0,"4":0,"5":0,"6":0,"7":0,"8":0,"9":0,"10":0,"11":0,"12":0,"13":0,"14":0,"15":0,"16":0,"17":0,"18":0,"19":0,"20":0,"21":0,"22":0,"23":0,"24":0,"25":0,"26":0,"27":0,"28":0,"29":0,"30":0,"31":0,"32":0,"33":0,"34":0,"35":0,"36":0,"37":0,"38":0},"f":{"0":0,"1":0,"2":0,"3":0,"4":0,"5":0,"6":0,"7":0},"b":{"0":[0,0],"1":[0,0],"2":[0,0],"3":[0,0],"4":[0,0],"5":[0,0],"6":[0,0],"7":[0,0],"8":[0,0],"9":[0,0]},"_coverageSchema":"1a1c01bbd47fc00a2c39e90264f33305004495a9","hash":"986dc016be75c1c0d90dd248cc6dfd2d00b30d6e"}
,"/Users/miniaikon/workspace/s9/back-s9demo-v3/src/repositories/SendgridRepository.js": {"path":"/Users/miniaikon/workspace/s9/back-s9demo-v3/src/repositories/SendgridRepository.js","statementMap":{"0":{"start":{"line":6,"column":4},"end":{"line":6,"column":24}},"1":{"start":{"line":10,"column":4},"end":{"line":10,"column":33}},"2":{"start":{"line":12,"column":16},"end":{"line":16,"column":5}},"3":{"start":{"line":18,"column":4},"end":{"line":18,"column":29}},"4":{"start":{"line":18,"column":14},"end":{"line":18,"column":29}},"5":{"start":{"line":20,"column":4},"end":{"line":20,"column":29}},"6":{"start":{"line":20,"column":14},"end":{"line":20,"column":29}},"7":{"start":{"line":22,"column":21},"end":{"line":22,"column":43}},"8":{"start":{"line":24,"column":4},"end":{"line":24,"column":19}}},"fnMap":{"0":{"name":"(anonymous_0)","decl":{"start":{"line":5,"column":2},"end":{"line":5,"column":3}},"loc":{"start":{"line":5,"column":54},"end":{"line":7,"column":3}},"line":5},"1":{"name":"(anonymous_1)","decl":{"start":{"line":9,"column":2},"end":{"line":9,"column":3}},"loc":{"start":{"line":9,"column":54},"end":{"line":25,"column":3}},"line":9}},"branchMap":{"0":{"loc":{"start":{"line":5,"column":15},"end":{"line":5,"column":52}},"type":"default-arg","locations":[{"start":{"line":5,"column":24},"end":{"line":5,"column":52}}],"line":5},"1":{"loc":{"start":{"line":18,"column":4},"end":{"line":18,"column":29}},"type":"if","locations":[{"start":{"line":18,"column":4},"end":{"line":18,"column":29}},{"start":{},"end":{}}],"line":18},"2":{"loc":{"start":{"line":20,"column":4},"end":{"line":20,"column":29}},"type":"if","locations":[{"start":{"line":20,"column":4},"end":{"line":20,"column":29}},{"start":{},"end":{}}],"line":20}},"s":{"0":1,"1":0,"2":0,"3":0,"4":0,"5":0,"6":0,"7":0,"8":0},"f":{"0":1,"1":0},"b":{"0":[1],"1":[0,0],"2":[0,0]},"_coverageSchema":"1a1c01bbd47fc00a2c39e90264f33305004495a9","hash":"6ee85939ecad6a065b6f93374d4490ecdc5e70eb"}
,"/Users/miniaikon/workspace/s9/back-s9demo-v3/src/repositories/StytchRepository.js": {"path":"/Users/miniaikon/workspace/s9/back-s9demo-v3/src/repositories/StytchRepository.js","statementMap":{"0":{"start":{"line":5,"column":12},"end":{"line":5,"column":39}},"1":{"start":{"line":7,"column":4},"end":{"line":7,"column":50}},"2":{"start":{"line":8,"column":4},"end":{"line":8,"column":50}},"3":{"start":{"line":9,"column":4},"end":{"line":9,"column":54}},"4":{"start":{"line":13,"column":17},"end":{"line":15,"column":5}},"5":{"start":{"line":17,"column":16},"end":{"line":17,"column":39}},"6":{"start":{"line":18,"column":21},"end":{"line":18,"column":50}},"7":{"start":{"line":20,"column":4},"end":{"line":20,"column":19}},"8":{"start":{"line":24,"column":17},"end":{"line":27,"column":5}},"9":{"start":{"line":29,"column":16},"end":{"line":29,"column":56}},"10":{"start":{"line":30,"column":21},"end":{"line":30,"column":50}},"11":{"start":{"line":32,"column":4},"end":{"line":32,"column":19}},"12":{"start":{"line":36,"column":17},"end":{"line":38,"column":5}},"13":{"start":{"line":40,"column":16},"end":{"line":40,"column":58}},"14":{"start":{"line":41,"column":21},"end":{"line":41,"column":50}},"15":{"start":{"line":43,"column":4},"end":{"line":43,"column":19}},"16":{"start":{"line":47,"column":17},"end":{"line":49,"column":5}},"17":{"start":{"line":51,"column":16},"end":{"line":51,"column":58}},"18":{"start":{"line":52,"column":21},"end":{"line":52,"column":50}},"19":{"start":{"line":54,"column":4},"end":{"line":54,"column":19}},"20":{"start":{"line":58,"column":17},"end":{"line":60,"column":5}},"21":{"start":{"line":62,"column":16},"end":{"line":62,"column":52}},"22":{"start":{"line":63,"column":21},"end":{"line":63,"column":50}},"23":{"start":{"line":65,"column":4},"end":{"line":65,"column":19}},"24":{"start":{"line":69,"column":17},"end":{"line":72,"column":5}},"25":{"start":{"line":74,"column":16},"end":{"line":74,"column":51}},"26":{"start":{"line":75,"column":21},"end":{"line":75,"column":50}},"27":{"start":{"line":77,"column":4},"end":{"line":77,"column":19}},"28":{"start":{"line":81,"column":23},"end":{"line":81,"column":92}},"29":{"start":{"line":84,"column":21},"end":{"line":91,"column":6}},"30":{"start":{"line":93,"column":17},"end":{"line":93,"column":38}},"31":{"start":{"line":94,"column":4},"end":{"line":94,"column":15}}},"fnMap":{"0":{"name":"(anonymous_0)","decl":{"start":{"line":6,"column":2},"end":{"line":6,"column":3}},"loc":{"start":{"line":6,"column":17},"end":{"line":10,"column":3}},"line":6},"1":{"name":"(anonymous_1)","decl":{"start":{"line":12,"column":2},"end":{"line":12,"column":3}},"loc":{"start":{"line":12,"column":22},"end":{"line":21,"column":3}},"line":12},"2":{"name":"(anonymous_2)","decl":{"start":{"line":23,"column":2},"end":{"line":23,"column":3}},"loc":{"start":{"line":23,"column":22},"end":{"line":33,"column":3}},"line":23},"3":{"name":"(anonymous_3)","decl":{"start":{"line":35,"column":2},"end":{"line":35,"column":3}},"loc":{"start":{"line":35,"column":31},"end":{"line":44,"column":3}},"line":35},"4":{"name":"(anonymous_4)","decl":{"start":{"line":46,"column":2},"end":{"line":46,"column":3}},"loc":{"start":{"line":46,"column":26},"end":{"line":55,"column":3}},"line":46},"5":{"name":"(anonymous_5)","decl":{"start":{"line":57,"column":2},"end":{"line":57,"column":3}},"loc":{"start":{"line":57,"column":27},"end":{"line":66,"column":3}},"line":57},"6":{"name":"(anonymous_6)","decl":{"start":{"line":68,"column":2},"end":{"line":68,"column":3}},"loc":{"start":{"line":68,"column":36},"end":{"line":78,"column":3}},"line":68},"7":{"name":"(anonymous_7)","decl":{"start":{"line":80,"column":2},"end":{"line":80,"column":3}},"loc":{"start":{"line":80,"column":28},"end":{"line":95,"column":3}},"line":80}},"branchMap":{},"s":{"0":1,"1":1,"2":1,"3":1,"4":0,"5":0,"6":0,"7":0,"8":0,"9":0,"10":0,"11":0,"12":0,"13":0,"14":0,"15":0,"16":0,"17":0,"18":0,"19":0,"20":0,"21":0,"22":0,"23":0,"24":0,"25":0,"26":0,"27":0,"28":0,"29":0,"30":0,"31":0},"f":{"0":1,"1":0,"2":0,"3":0,"4":0,"5":0,"6":0,"7":0},"b":{},"_coverageSchema":"1a1c01bbd47fc00a2c39e90264f33305004495a9","hash":"509546a121074c8eeda547fe07215392d7bc2930"}
,"/Users/miniaikon/workspace/s9/back-s9demo-v3/src/repositories/TwilioRepository.js": {"path":"/Users/miniaikon/workspace/s9/back-s9demo-v3/src/repositories/TwilioRepository.js","statementMap":{"0":{"start":{"line":5,"column":4},"end":{"line":5,"column":44}},"1":{"start":{"line":6,"column":4},"end":{"line":6,"column":50}},"2":{"start":{"line":7,"column":4},"end":{"line":7,"column":52}},"3":{"start":{"line":11,"column":19},"end":{"line":11,"column":58}},"4":{"start":{"line":12,"column":21},"end":{"line":16,"column":6}},"5":{"start":{"line":17,"column":4},"end":{"line":17,"column":19}}},"fnMap":{"0":{"name":"(anonymous_0)","decl":{"start":{"line":4,"column":2},"end":{"line":4,"column":3}},"loc":{"start":{"line":4,"column":15},"end":{"line":8,"column":3}},"line":4},"1":{"name":"(anonymous_1)","decl":{"start":{"line":10,"column":2},"end":{"line":10,"column":3}},"loc":{"start":{"line":10,"column":31},"end":{"line":18,"column":3}},"line":10}},"branchMap":{},"s":{"0":0,"1":0,"2":0,"3":0,"4":0,"5":0},"f":{"0":0,"1":0},"b":{},"_coverageSchema":"1a1c01bbd47fc00a2c39e90264f33305004495a9","hash":"7eb98ae4db169a02e3ad24d1e2f03197e165a128"}
,"/Users/miniaikon/workspace/s9/back-s9demo-v3/src/repositories/UserRepository.js": {"path":"/Users/miniaikon/workspace/s9/back-s9demo-v3/src/repositories/UserRepository.js","statementMap":{"0":{"start":{"line":6,"column":18},"end":{"line":6,"column":27}},"1":{"start":{"line":7,"column":19},"end":{"line":7,"column":32}},"2":{"start":{"line":8,"column":17},"end":{"line":8,"column":62}},"3":{"start":{"line":10,"column":18},"end":{"line":13,"column":6}},"4":{"start":{"line":15,"column":25},"end":{"line":15,"column":51}},"5":{"start":{"line":17,"column":4},"end":{"line":22,"column":5}},"6":{"start":{"line":26,"column":4},"end":{"line":26,"column":21}},"7":{"start":{"line":27,"column":17},"end":{"line":31,"column":6}},"8":{"start":{"line":33,"column":4},"end":{"line":33,"column":15}},"9":{"start":{"line":37,"column":17},"end":{"line":42,"column":6}},"10":{"start":{"line":44,"column":4},"end":{"line":44,"column":15}},"11":{"start":{"line":48,"column":25},"end":{"line":48,"column":68}},"12":{"start":{"line":49,"column":17},"end":{"line":49,"column":72}},"13":{"start":{"line":51,"column":27},"end":{"line":51,"column":49}},"14":{"start":{"line":53,"column":4},"end":{"line":53,"column":25}},"15":{"start":{"line":57,"column":26},"end":{"line":57,"column":38}},"16":{"start":{"line":58,"column":21},"end":{"line":58,"column":63}},"17":{"start":{"line":59,"column":17},"end":{"line":59,"column":68}},"18":{"start":{"line":60,"column":21},"end":{"line":67,"column":5}},"19":{"start":{"line":69,"column":24},"end":{"line":71,"column":6}},"20":{"start":{"line":73,"column":4},"end":{"line":73,"column":22}},"21":{"start":{"line":77,"column":4},"end":{"line":77,"column":21}},"22":{"start":{"line":78,"column":24},"end":{"line":83,"column":6}},"23":{"start":{"line":85,"column":4},"end":{"line":85,"column":22}},"24":{"start":{"line":89,"column":4},"end":{"line":89,"column":21}},"25":{"start":{"line":90,"column":24},"end":{"line":94,"column":6}},"26":{"start":{"line":96,"column":4},"end":{"line":96,"column":22}},"27":{"start":{"line":100,"column":25},"end":{"line":100,"column":68}},"28":{"start":{"line":101,"column":17},"end":{"line":101,"column":72}},"29":{"start":{"line":103,"column":4},"end":{"line":103,"column":15}}},"fnMap":{"0":{"name":"(anonymous_0)","decl":{"start":{"line":5,"column":2},"end":{"line":5,"column":3}},"loc":{"start":{"line":5,"column":40},"end":{"line":23,"column":3}},"line":5},"1":{"name":"(anonymous_1)","decl":{"start":{"line":25,"column":2},"end":{"line":25,"column":3}},"loc":{"start":{"line":25,"column":24},"end":{"line":34,"column":3}},"line":25},"2":{"name":"(anonymous_2)","decl":{"start":{"line":36,"column":2},"end":{"line":36,"column":3}},"loc":{"start":{"line":36,"column":54},"end":{"line":45,"column":3}},"line":36},"3":{"name":"(anonymous_3)","decl":{"start":{"line":47,"column":2},"end":{"line":47,"column":3}},"loc":{"start":{"line":47,"column":47},"end":{"line":54,"column":3}},"line":47},"4":{"name":"(anonymous_4)","decl":{"start":{"line":56,"column":2},"end":{"line":56,"column":3}},"loc":{"start":{"line":56,"column":29},"end":{"line":74,"column":3}},"line":56},"5":{"name":"(anonymous_5)","decl":{"start":{"line":76,"column":2},"end":{"line":76,"column":3}},"loc":{"start":{"line":76,"column":33},"end":{"line":86,"column":3}},"line":76},"6":{"name":"(anonymous_6)","decl":{"start":{"line":88,"column":2},"end":{"line":88,"column":3}},"loc":{"start":{"line":88,"column":27},"end":{"line":97,"column":3}},"line":88},"7":{"name":"(anonymous_7)","decl":{"start":{"line":99,"column":2},"end":{"line":99,"column":3}},"loc":{"start":{"line":99,"column":37},"end":{"line":104,"column":3}},"line":99}},"branchMap":{"0":{"loc":{"start":{"line":6,"column":18},"end":{"line":6,"column":27}},"type":"binary-expr","locations":[{"start":{"line":6,"column":18},"end":{"line":6,"column":22}},{"start":{"line":6,"column":26},"end":{"line":6,"column":27}}],"line":6},"1":{"loc":{"start":{"line":7,"column":19},"end":{"line":7,"column":32}},"type":"binary-expr","locations":[{"start":{"line":7,"column":19},"end":{"line":7,"column":24}},{"start":{"line":7,"column":28},"end":{"line":7,"column":32}}],"line":7},"2":{"loc":{"start":{"line":8,"column":17},"end":{"line":8,"column":62}},"type":"cond-expr","locations":[{"start":{"line":8,"column":35},"end":{"line":8,"column":55}},{"start":{"line":8,"column":58},"end":{"line":8,"column":62}}],"line":8},"3":{"loc":{"start":{"line":11,"column":12},"end":{"line":11,"column":54}},"type":"cond-expr","locations":[{"start":{"line":11,"column":28},"end":{"line":11,"column":42}},{"start":{"line":11,"column":45},"end":{"line":11,"column":54}}],"line":11},"4":{"loc":{"start":{"line":12,"column":12},"end":{"line":12,"column":58}},"type":"cond-expr","locations":[{"start":{"line":12,"column":30},"end":{"line":12,"column":46}},{"start":{"line":12,"column":49},"end":{"line":12,"column":58}}],"line":12},"5":{"loc":{"start":{"line":36,"column":34},"end":{"line":36,"column":52}},"type":"default-arg","locations":[{"start":{"line":36,"column":43},"end":{"line":36,"column":52}}],"line":36}},"s":{"0":0,"1":0,"2":0,"3":0,"4":0,"5":0,"6":0,"7":0,"8":0,"9":3,"10":3,"11":2,"12":2,"13":2,"14":2,"15":0,"16":0,"17":0,"18":0,"19":0,"20":0,"21":0,"22":0,"23":0,"24":0,"25":0,"26":0,"27":0,"28":0,"29":0},"f":{"0":0,"1":0,"2":3,"3":2,"4":0,"5":0,"6":0,"7":0},"b":{"0":[0,0],"1":[0,0],"2":[0,0],"3":[0,0],"4":[0,0],"5":[3]},"_coverageSchema":"1a1c01bbd47fc00a2c39e90264f33305004495a9","hash":"bc8fbc12831ac7249445ca03d4f2cb451bd19d2c"}
,"/Users/miniaikon/workspace/s9/back-s9demo-v3/src/routes/auth.js": {"path":"/Users/miniaikon/workspace/s9/back-s9demo-v3/src/routes/auth.js","statementMap":{"0":{"start":{"line":4,"column":32},"end":{"line":17,"column":1}},"1":{"start":{"line":5,"column":21},"end":{"line":5,"column":29}},"2":{"start":{"line":7,"column":25},"end":{"line":7,"column":81}},"3":{"start":{"line":9,"column":2},"end":{"line":9,"column":49}},"4":{"start":{"line":10,"column":2},"end":{"line":10,"column":66}},"5":{"start":{"line":11,"column":2},"end":{"line":11,"column":61}},"6":{"start":{"line":12,"column":2},"end":{"line":12,"column":57}},"7":{"start":{"line":13,"column":2},"end":{"line":13,"column":70}},"8":{"start":{"line":14,"column":2},"end":{"line":14,"column":51}},"9":{"start":{"line":16,"column":2},"end":{"line":16,"column":19}}},"fnMap":{"0":{"name":"(anonymous_0)","decl":{"start":{"line":4,"column":32},"end":{"line":4,"column":33}},"loc":{"start":{"line":4,"column":74},"end":{"line":17,"column":1}},"line":4}},"branchMap":{},"s":{"0":1,"1":1,"2":1,"3":1,"4":1,"5":1,"6":1,"7":1,"8":1,"9":1},"f":{"0":1},"b":{},"_coverageSchema":"1a1c01bbd47fc00a2c39e90264f33305004495a9","hash":"0677968f3b06e6aa9bc4b7587682479fb376d27b"}
,"/Users/miniaikon/workspace/s9/back-s9demo-v3/src/routes/contact.js": {"path":"/Users/miniaikon/workspace/s9/back-s9demo-v3/src/routes/contact.js","statementMap":{"0":{"start":{"line":4,"column":35},"end":{"line":12,"column":1}},"1":{"start":{"line":5,"column":24},"end":{"line":5,"column":32}},"2":{"start":{"line":6,"column":28},"end":{"line":6,"column":91}},"3":{"start":{"line":8,"column":2},"end":{"line":8,"column":66}},"4":{"start":{"line":9,"column":2},"end":{"line":9,"column":60}},"5":{"start":{"line":11,"column":2},"end":{"line":11,"column":22}}},"fnMap":{"0":{"name":"(anonymous_0)","decl":{"start":{"line":4,"column":35},"end":{"line":4,"column":36}},"loc":{"start":{"line":4,"column":81},"end":{"line":12,"column":1}},"line":4}},"branchMap":{},"s":{"0":1,"1":1,"2":1,"3":1,"4":1,"5":1},"f":{"0":1},"b":{},"_coverageSchema":"1a1c01bbd47fc00a2c39e90264f33305004495a9","hash":"e845f598665b94f3c0cc9960e02b5d914669a789"}
,"/Users/miniaikon/workspace/s9/back-s9demo-v3/src/routes/dashboard.js": {"path":"/Users/miniaikon/workspace/s9/back-s9demo-v3/src/routes/dashboard.js","statementMap":{"0":{"start":{"line":3,"column":31},"end":{"line":3,"column":39}},"1":{"start":{"line":5,"column":0},"end":{"line":7,"column":2}},"2":{"start":{"line":6,"column":2},"end":{"line":6,"column":37}},"3":{"start":{"line":9,"column":0},"end":{"line":11,"column":2}},"4":{"start":{"line":10,"column":2},"end":{"line":10,"column":35}}},"fnMap":{"0":{"name":"(anonymous_0)","decl":{"start":{"line":5,"column":25},"end":{"line":5,"column":26}},"loc":{"start":{"line":5,"column":45},"end":{"line":7,"column":1}},"line":5},"1":{"name":"(anonymous_1)","decl":{"start":{"line":9,"column":29},"end":{"line":9,"column":30}},"loc":{"start":{"line":9,"column":49},"end":{"line":11,"column":1}},"line":9}},"branchMap":{},"s":{"0":1,"1":1,"2":0,"3":1,"4":0},"f":{"0":0,"1":0},"b":{},"_coverageSchema":"1a1c01bbd47fc00a2c39e90264f33305004495a9","hash":"5fb23da47339f6ae8831244ed8162ef88853762c"}
,"/Users/miniaikon/workspace/s9/back-s9demo-v3/src/routes/profile.js": {"path":"/Users/miniaikon/workspace/s9/back-s9demo-v3/src/routes/profile.js","statementMap":{"0":{"start":{"line":5,"column":35},"end":{"line":16,"column":1}},"1":{"start":{"line":6,"column":24},"end":{"line":6,"column":32}},"2":{"start":{"line":7,"column":2},"end":{"line":7,"column":31}},"3":{"start":{"line":8,"column":28},"end":{"line":8,"column":88}},"4":{"start":{"line":10,"column":2},"end":{"line":10,"column":56}},"5":{"start":{"line":11,"column":2},"end":{"line":11,"column":73}},"6":{"start":{"line":12,"column":2},"end":{"line":12,"column":71}},"7":{"start":{"line":13,"column":2},"end":{"line":13,"column":62}},"8":{"start":{"line":15,"column":2},"end":{"line":15,"column":22}}},"fnMap":{"0":{"name":"(anonymous_0)","decl":{"start":{"line":5,"column":35},"end":{"line":5,"column":36}},"loc":{"start":{"line":5,"column":78},"end":{"line":16,"column":1}},"line":5}},"branchMap":{},"s":{"0":1,"1":1,"2":1,"3":1,"4":1,"5":1,"6":1,"7":1,"8":1},"f":{"0":1},"b":{},"_coverageSchema":"1a1c01bbd47fc00a2c39e90264f33305004495a9","hash":"88d07c321cb0134df39c34ae7204c7512895890a"}
,"/Users/miniaikon/workspace/s9/back-s9demo-v3/src/routes/users.js": {"path":"/Users/miniaikon/workspace/s9/back-s9demo-v3/src/routes/users.js","statementMap":{"0":{"start":{"line":5,"column":32},"end":{"line":17,"column":1}},"1":{"start":{"line":6,"column":21},"end":{"line":6,"column":29}},"2":{"start":{"line":7,"column":2},"end":{"line":7,"column":28}},"3":{"start":{"line":8,"column":25},"end":{"line":8,"column":82}},"4":{"start":{"line":10,"column":2},"end":{"line":10,"column":43}},"5":{"start":{"line":11,"column":2},"end":{"line":11,"column":44}},"6":{"start":{"line":12,"column":2},"end":{"line":12,"column":45}},"7":{"start":{"line":13,"column":2},"end":{"line":13,"column":47}},"8":{"start":{"line":14,"column":2},"end":{"line":14,"column":51}},"9":{"start":{"line":16,"column":2},"end":{"line":16,"column":19}}},"fnMap":{"0":{"name":"(anonymous_0)","decl":{"start":{"line":5,"column":32},"end":{"line":5,"column":33}},"loc":{"start":{"line":5,"column":75},"end":{"line":17,"column":1}},"line":5}},"branchMap":{},"s":{"0":1,"1":1,"2":1,"3":1,"4":1,"5":1,"6":1,"7":1,"8":1,"9":1},"f":{"0":1},"b":{},"_coverageSchema":"1a1c01bbd47fc00a2c39e90264f33305004495a9","hash":"0470e0aa0e882ad4b6e7214af992b6ed17434aae"}
,"/Users/miniaikon/workspace/s9/back-s9demo-v3/src/utils/JWToken.js": {"path":"/Users/miniaikon/workspace/s9/back-s9demo-v3/src/utils/JWToken.js","statementMap":{"0":{"start":{"line":3,"column":27},"end":{"line":7,"column":1}},"1":{"start":{"line":4,"column":16},"end":{"line":4,"column":84}},"2":{"start":{"line":6,"column":2},"end":{"line":6,"column":14}},"3":{"start":{"line":9,"column":27},"end":{"line":13,"column":1}},"4":{"start":{"line":10,"column":18},"end":{"line":10,"column":65}},"5":{"start":{"line":12,"column":2},"end":{"line":12,"column":16}},"6":{"start":{"line":15,"column":30},"end":{"line":21,"column":1}},"7":{"start":{"line":16,"column":18},"end":{"line":16,"column":65}},"8":{"start":{"line":18,"column":2},"end":{"line":18,"column":50}},"9":{"start":{"line":18,"column":39},"end":{"line":18,"column":50}},"10":{"start":{"line":20,"column":2},"end":{"line":20,"column":14}}},"fnMap":{"0":{"name":"(anonymous_0)","decl":{"start":{"line":3,"column":27},"end":{"line":3,"column":28}},"loc":{"start":{"line":3,"column":40},"end":{"line":7,"column":1}},"line":3},"1":{"name":"(anonymous_1)","decl":{"start":{"line":9,"column":27},"end":{"line":9,"column":28}},"loc":{"start":{"line":9,"column":38},"end":{"line":13,"column":1}},"line":9},"2":{"name":"(anonymous_2)","decl":{"start":{"line":15,"column":30},"end":{"line":15,"column":31}},"loc":{"start":{"line":15,"column":41},"end":{"line":21,"column":1}},"line":15}},"branchMap":{"0":{"loc":{"start":{"line":18,"column":2},"end":{"line":18,"column":50}},"type":"if","locations":[{"start":{"line":18,"column":2},"end":{"line":18,"column":50}},{"start":{},"end":{}}],"line":18}},"s":{"0":1,"1":2,"2":2,"3":1,"4":0,"5":0,"6":1,"7":0,"8":0,"9":0,"10":0},"f":{"0":2,"1":0,"2":0},"b":{"0":[0,0]},"_coverageSchema":"1a1c01bbd47fc00a2c39e90264f33305004495a9","hash":"962e80d54c5a40117e990ee3f9ef0bab472f9aa5"}
,"/Users/miniaikon/workspace/s9/back-s9demo-v3/src/utils/logger.js": {"path":"/Users/miniaikon/workspace/s9/back-s9demo-v3/src/utils/logger.js","statementMap":{"0":{"start":{"line":6,"column":21},"end":{"line":6,"column":38}},"1":{"start":{"line":8,"column":0},"end":{"line":10,"column":1}},"2":{"start":{"line":9,"column":2},"end":{"line":9,"column":25}},"3":{"start":{"line":12,"column":23},"end":{"line":19,"column":1}},"4":{"start":{"line":13,"column":28},"end":{"line":13,"column":57}},"5":{"start":{"line":15,"column":2},"end":{"line":17,"column":3}},"6":{"start":{"line":16,"column":4},"end":{"line":16,"column":32}},"7":{"start":{"line":18,"column":2},"end":{"line":18,"column":51}},"8":{"start":{"line":21,"column":29},"end":{"line":61,"column":1}},"9":{"start":{"line":22,"column":2},"end":{"line":60,"column":4}},"10":{"start":{"line":27,"column":25},"end":{"line":27,"column":77}},"11":{"start":{"line":28,"column":8},"end":{"line":28,"column":65}},"12":{"start":{"line":28,"column":20},"end":{"line":28,"column":65}},"13":{"start":{"line":29,"column":8},"end":{"line":29,"column":74}},"14":{"start":{"line":29,"column":22},"end":{"line":29,"column":74}},"15":{"start":{"line":30,"column":8},"end":{"line":30,"column":34}},"16":{"start":{"line":31,"column":8},"end":{"line":31,"column":48}},"17":{"start":{"line":31,"column":18},"end":{"line":31,"column":48}},"18":{"start":{"line":32,"column":8},"end":{"line":32,"column":51}},"19":{"start":{"line":32,"column":19},"end":{"line":32,"column":51}},"20":{"start":{"line":33,"column":8},"end":{"line":33,"column":54}},"21":{"start":{"line":33,"column":20},"end":{"line":33,"column":54}},"22":{"start":{"line":34,"column":8},"end":{"line":34,"column":86}},"23":{"start":{"line":34,"column":25},"end":{"line":34,"column":86}},"24":{"start":{"line":35,"column":8},"end":{"line":35,"column":98}},"25":{"start":{"line":35,"column":29},"end":{"line":35,"column":98}},"26":{"start":{"line":37,"column":8},"end":{"line":39,"column":9}},"27":{"start":{"line":38,"column":10},"end":{"line":38,"column":36}},"28":{"start":{"line":41,"column":8},"end":{"line":41,"column":25}},"29":{"start":{"line":50,"column":12},"end":{"line":50,"column":96}},"30":{"start":{"line":65,"column":33},"end":{"line":68,"column":1}},"31":{"start":{"line":66,"column":17},"end":{"line":66,"column":48}},"32":{"start":{"line":67,"column":2},"end":{"line":67,"column":15}}},"fnMap":{"0":{"name":"(anonymous_0)","decl":{"start":{"line":12,"column":23},"end":{"line":12,"column":24}},"loc":{"start":{"line":12,"column":48},"end":{"line":19,"column":1}},"line":12},"1":{"name":"(anonymous_1)","decl":{"start":{"line":21,"column":29},"end":{"line":21,"column":30}},"loc":{"start":{"line":21,"column":44},"end":{"line":61,"column":1}},"line":21},"2":{"name":"(anonymous_2)","decl":{"start":{"line":26,"column":28},"end":{"line":26,"column":29}},"loc":{"start":{"line":26,"column":139},"end":{"line":42,"column":7}},"line":26},"3":{"name":"(anonymous_3)","decl":{"start":{"line":49,"column":32},"end":{"line":49,"column":33}},"loc":{"start":{"line":49,"column":56},"end":{"line":51,"column":11}},"line":49},"4":{"name":"(anonymous_4)","decl":{"start":{"line":65,"column":33},"end":{"line":65,"column":34}},"loc":{"start":{"line":65,"column":48},"end":{"line":68,"column":1}},"line":65}},"branchMap":{"0":{"loc":{"start":{"line":8,"column":0},"end":{"line":10,"column":1}},"type":"if","locations":[{"start":{"line":8,"column":0},"end":{"line":10,"column":1}},{"start":{},"end":{}}],"line":8},"1":{"loc":{"start":{"line":15,"column":2},"end":{"line":17,"column":3}},"type":"if","locations":[{"start":{"line":15,"column":2},"end":{"line":17,"column":3}},{"start":{},"end":{}}],"line":15},"2":{"loc":{"start":{"line":28,"column":8},"end":{"line":28,"column":65}},"type":"if","locations":[{"start":{"line":28,"column":8},"end":{"line":28,"column":65}},{"start":{},"end":{}}],"line":28},"3":{"loc":{"start":{"line":29,"column":8},"end":{"line":29,"column":74}},"type":"if","locations":[{"start":{"line":29,"column":8},"end":{"line":29,"column":74}},{"start":{},"end":{}}],"line":29},"4":{"loc":{"start":{"line":31,"column":8},"end":{"line":31,"column":48}},"type":"if","locations":[{"start":{"line":31,"column":8},"end":{"line":31,"column":48}},{"start":{},"end":{}}],"line":31},"5":{"loc":{"start":{"line":32,"column":8},"end":{"line":32,"column":51}},"type":"if","locations":[{"start":{"line":32,"column":8},"end":{"line":32,"column":51}},{"start":{},"end":{}}],"line":32},"6":{"loc":{"start":{"line":33,"column":8},"end":{"line":33,"column":54}},"type":"if","locations":[{"start":{"line":33,"column":8},"end":{"line":33,"column":54}},{"start":{},"end":{}}],"line":33},"7":{"loc":{"start":{"line":34,"column":8},"end":{"line":34,"column":86}},"type":"if","locations":[{"start":{"line":34,"column":8},"end":{"line":34,"column":86}},{"start":{},"end":{}}],"line":34},"8":{"loc":{"start":{"line":35,"column":8},"end":{"line":35,"column":98}},"type":"if","locations":[{"start":{"line":35,"column":8},"end":{"line":35,"column":98}},{"start":{},"end":{}}],"line":35},"9":{"loc":{"start":{"line":37,"column":8},"end":{"line":39,"column":9}},"type":"if","locations":[{"start":{"line":37,"column":8},"end":{"line":39,"column":9}},{"start":{},"end":{}}],"line":37},"10":{"loc":{"start":{"line":37,"column":12},"end":{"line":37,"column":38}},"type":"binary-expr","locations":[{"start":{"line":37,"column":12},"end":{"line":37,"column":29}},{"start":{"line":37,"column":33},"end":{"line":37,"column":38}}],"line":37}},"s":{"0":1,"1":1,"2":0,"3":1,"4":16,"5":16,"6":0,"7":16,"8":1,"9":4,"10":0,"11":0,"12":0,"13":0,"14":0,"15":0,"16":0,"17":0,"18":0,"19":0,"20":0,"21":0,"22":0,"23":0,"24":0,"25":0,"26":0,"27":0,"28":0,"29":0,"30":1,"31":4,"32":4},"f":{"0":16,"1":4,"2":0,"3":0,"4":4},"b":{"0":[0,1],"1":[0,16],"2":[0,0],"3":[0,0],"4":[0,0],"5":[0,0],"6":[0,0],"7":[0,0],"8":[0,0],"9":[0,0],"10":[0,0]},"_coverageSchema":"1a1c01bbd47fc00a2c39e90264f33305004495a9","hash":"102398d4674cb4df8eebee42de68933fd57461bc"}
,"/Users/miniaikon/workspace/s9/back-s9demo-v3/src/utils/relations.js": {"path":"/Users/miniaikon/workspace/s9/back-s9demo-v3/src/utils/relations.js","statementMap":{"0":{"start":{"line":3,"column":16},"end":{"line":3,"column":20}},"1":{"start":{"line":4,"column":2},"end":{"line":7,"column":3}},"2":{"start":{"line":5,"column":4},"end":{"line":5,"column":17}},"3":{"start":{"line":6,"column":4},"end":{"line":6,"column":19}},"4":{"start":{"line":9,"column":14},"end":{"line":9,"column":34}},"5":{"start":{"line":10,"column":2},"end":{"line":12,"column":3}},"6":{"start":{"line":11,"column":4},"end":{"line":11,"column":47}},"7":{"start":{"line":13,"column":25},"end":{"line":13,"column":47}},"8":{"start":{"line":14,"column":29},"end":{"line":14,"column":43}},"9":{"start":{"line":15,"column":2},"end":{"line":18,"column":3}},"10":{"start":{"line":16,"column":4},"end":{"line":16,"column":45}},"11":{"start":{"line":17,"column":4},"end":{"line":17,"column":49}},"12":{"start":{"line":20,"column":20},"end":{"line":26,"column":4}},"13":{"start":{"line":21,"column":4},"end":{"line":25,"column":5}},"14":{"start":{"line":22,"column":6},"end":{"line":22,"column":48}},"15":{"start":{"line":24,"column":6},"end":{"line":24,"column":108}},"16":{"start":{"line":28,"column":2},"end":{"line":28,"column":64}},"17":{"start":{"line":28,"column":45},"end":{"line":28,"column":63}},"18":{"start":{"line":29,"column":2},"end":{"line":29,"column":59}},"19":{"start":{"line":29,"column":45},"end":{"line":29,"column":58}},"20":{"start":{"line":32,"column":2},"end":{"line":77,"column":3}},"21":{"start":{"line":34,"column":22},"end":{"line":36,"column":6}},"22":{"start":{"line":37,"column":28},"end":{"line":37,"column":30}},"23":{"start":{"line":39,"column":4},"end":{"line":41,"column":5}},"24":{"start":{"line":39,"column":17},"end":{"line":39,"column":18}},"25":{"start":{"line":40,"column":6},"end":{"line":40,"column":53}},"26":{"start":{"line":43,"column":19},"end":{"line":52,"column":6}},"27":{"start":{"line":44,"column":28},"end":{"line":44,"column":123}},"28":{"start":{"line":46,"column":6},"end":{"line":46,"column":37}},"29":{"start":{"line":46,"column":26},"end":{"line":46,"column":37}},"30":{"start":{"line":48,"column":6},"end":{"line":51,"column":7}},"31":{"start":{"line":54,"column":4},"end":{"line":54,"column":30}},"32":{"start":{"line":54,"column":17},"end":{"line":54,"column":30}},"33":{"start":{"line":56,"column":4},"end":{"line":56,"column":20}},"34":{"start":{"line":59,"column":19},"end":{"line":72,"column":5}},"35":{"start":{"line":61,"column":31},"end":{"line":65,"column":10}},"36":{"start":{"line":67,"column":8},"end":{"line":70,"column":9}},"37":{"start":{"line":74,"column":4},"end":{"line":74,"column":30}},"38":{"start":{"line":74,"column":17},"end":{"line":74,"column":30}},"39":{"start":{"line":76,"column":4},"end":{"line":76,"column":20}}},"fnMap":{"0":{"name":"getRelations","decl":{"start":{"line":2,"column":30},"end":{"line":2,"column":42}},"loc":{"start":{"line":2,"column":83},"end":{"line":78,"column":1}},"line":2},"1":{"name":"(anonymous_1)","decl":{"start":{"line":20,"column":29},"end":{"line":20,"column":30}},"loc":{"start":{"line":20,"column":39},"end":{"line":26,"column":3}},"line":20},"2":{"name":"(anonymous_2)","decl":{"start":{"line":28,"column":35},"end":{"line":28,"column":36}},"loc":{"start":{"line":28,"column":45},"end":{"line":28,"column":63}},"line":28},"3":{"name":"(anonymous_3)","decl":{"start":{"line":29,"column":35},"end":{"line":29,"column":36}},"loc":{"start":{"line":29,"column":45},"end":{"line":29,"column":58}},"line":29},"4":{"name":"(anonymous_4)","decl":{"start":{"line":43,"column":28},"end":{"line":43,"column":29}},"loc":{"start":{"line":43,"column":38},"end":{"line":52,"column":5}},"line":43},"5":{"name":"(anonymous_5)","decl":{"start":{"line":60,"column":15},"end":{"line":60,"column":16}},"loc":{"start":{"line":60,"column":31},"end":{"line":71,"column":7}},"line":60}},"branchMap":{"0":{"loc":{"start":{"line":2,"column":65},"end":{"line":2,"column":81}},"type":"default-arg","locations":[{"start":{"line":2,"column":77},"end":{"line":2,"column":81}}],"line":2},"1":{"loc":{"start":{"line":4,"column":2},"end":{"line":7,"column":3}},"type":"if","locations":[{"start":{"line":4,"column":2},"end":{"line":7,"column":3}},{"start":{},"end":{}}],"line":4},"2":{"loc":{"start":{"line":10,"column":2},"end":{"line":12,"column":3}},"type":"if","locations":[{"start":{"line":10,"column":2},"end":{"line":12,"column":3}},{"start":{},"end":{}}],"line":10},"3":{"loc":{"start":{"line":15,"column":2},"end":{"line":18,"column":3}},"type":"if","locations":[{"start":{"line":15,"column":2},"end":{"line":18,"column":3}},{"start":{},"end":{}}],"line":15},"4":{"loc":{"start":{"line":15,"column":6},"end":{"line":15,"column":66}},"type":"binary-expr","locations":[{"start":{"line":15,"column":6},"end":{"line":15,"column":34}},{"start":{"line":15,"column":38},"end":{"line":15,"column":66}}],"line":15},"5":{"loc":{"start":{"line":21,"column":4},"end":{"line":25,"column":5}},"type":"if","locations":[{"start":{"line":21,"column":4},"end":{"line":25,"column":5}},{"start":{"line":23,"column":11},"end":{"line":25,"column":5}}],"line":21},"6":{"loc":{"start":{"line":22,"column":13},"end":{"line":22,"column":48}},"type":"binary-expr","locations":[{"start":{"line":22,"column":13},"end":{"line":22,"column":35}},{"start":{"line":22,"column":39},"end":{"line":22,"column":48}}],"line":22},"7":{"loc":{"start":{"line":24,"column":13},"end":{"line":24,"column":108}},"type":"cond-expr","locations":[{"start":{"line":24,"column":52},"end":{"line":24,"column":83}},{"start":{"line":24,"column":86},"end":{"line":24,"column":108}}],"line":24},"8":{"loc":{"start":{"line":32,"column":2},"end":{"line":77,"column":3}},"type":"if","locations":[{"start":{"line":32,"column":2},"end":{"line":77,"column":3}},{"start":{"line":57,"column":9},"end":{"line":77,"column":3}}],"line":32},"9":{"loc":{"start":{"line":44,"column":28},"end":{"line":44,"column":123}},"type":"cond-expr","locations":[{"start":{"line":44,"column":67},"end":{"line":44,"column":98}},{"start":{"line":44,"column":101},"end":{"line":44,"column":123}}],"line":44},"10":{"loc":{"start":{"line":46,"column":6},"end":{"line":46,"column":37}},"type":"if","locations":[{"start":{"line":46,"column":6},"end":{"line":46,"column":37}},{"start":{},"end":{}}],"line":46},"11":{"loc":{"start":{"line":54,"column":4},"end":{"line":54,"column":30}},"type":"if","locations":[{"start":{"line":54,"column":4},"end":{"line":54,"column":30}},{"start":{},"end":{}}],"line":54},"12":{"loc":{"start":{"line":74,"column":4},"end":{"line":74,"column":30}},"type":"if","locations":[{"start":{"line":74,"column":4},"end":{"line":74,"column":30}},{"start":{},"end":{}}],"line":74}},"s":{"0":0,"1":0,"2":0,"3":0,"4":0,"5":0,"6":0,"7":0,"8":0,"9":0,"10":0,"11":0,"12":0,"13":0,"14":0,"15":0,"16":0,"17":0,"18":0,"19":0,"20":0,"21":0,"22":0,"23":0,"24":0,"25":0,"26":0,"27":0,"28":0,"29":0,"30":0,"31":0,"32":0,"33":0,"34":0,"35":0,"36":0,"37":0,"38":0,"39":0},"f":{"0":0,"1":0,"2":0,"3":0,"4":0,"5":0},"b":{"0":[0],"1":[0,0],"2":[0,0],"3":[0,0],"4":[0,0],"5":[0,0],"6":[0,0],"7":[0,0],"8":[0,0],"9":[0,0],"10":[0,0],"11":[0,0],"12":[0,0]},"_coverageSchema":"1a1c01bbd47fc00a2c39e90264f33305004495a9","hash":"31576520dde8f35130538085a4a58513256fd638"}
,"/Users/miniaikon/workspace/s9/back-s9demo-v3/src/utils/response.js": {"path":"/Users/miniaikon/workspace/s9/back-s9demo-v3/src/utils/response.js","statementMap":{"0":{"start":{"line":2,"column":19},"end":{"line":5,"column":3}},"1":{"start":{"line":7,"column":2},"end":{"line":7,"column":17}}},"fnMap":{"0":{"name":"response","decl":{"start":{"line":1,"column":16},"end":{"line":1,"column":24}},"loc":{"start":{"line":1,"column":41},"end":{"line":8,"column":1}},"line":1}},"branchMap":{},"s":{"0":4,"1":4},"f":{"0":4},"b":{},"_coverageSchema":"1a1c01bbd47fc00a2c39e90264f33305004495a9","hash":"d4adb4208462dae1ef67a490daf2f7ceb267e3e0"}
,"/Users/miniaikon/workspace/s9/back-s9demo-v3/src/validations/Sendgrid/sendEmail.js": {"path":"/Users/miniaikon/workspace/s9/back-s9demo-v3/src/validations/Sendgrid/sendEmail.js","statementMap":{"0":{"start":{"line":3,"column":23},"end":{"line":9,"column":2}},"1":{"start":{"line":11,"column":20},"end":{"line":18,"column":1}},"2":{"start":{"line":12,"column":2},"end":{"line":17,"column":4}},"3":{"start":{"line":13,"column":4},"end":{"line":16,"column":5}},"4":{"start":{"line":21,"column":21},"end":{"line":21,"column":53}},"5":{"start":{"line":22,"column":2},"end":{"line":22,"column":95}},"6":{"start":{"line":22,"column":29},"end":{"line":22,"column":93}},"7":{"start":{"line":24,"column":2},"end":{"line":24,"column":49}}},"fnMap":{"0":{"name":"(anonymous_0)","decl":{"start":{"line":11,"column":20},"end":{"line":11,"column":21}},"loc":{"start":{"line":11,"column":31},"end":{"line":18,"column":1}},"line":11},"1":{"name":"(anonymous_1)","decl":{"start":{"line":12,"column":26},"end":{"line":12,"column":27}},"loc":{"start":{"line":12,"column":35},"end":{"line":17,"column":3}},"line":12},"2":{"name":"validationSendgrid","decl":{"start":{"line":20,"column":22},"end":{"line":20,"column":40}},"loc":{"start":{"line":20,"column":50},"end":{"line":25,"column":1}},"line":20}},"branchMap":{"0":{"loc":{"start":{"line":22,"column":2},"end":{"line":22,"column":95}},"type":"if","locations":[{"start":{"line":22,"column":2},"end":{"line":22,"column":95}},{"start":{},"end":{}}],"line":22}},"s":{"0":1,"1":1,"2":0,"3":0,"4":0,"5":0,"6":0,"7":0},"f":{"0":0,"1":0,"2":0},"b":{"0":[0,0]},"_coverageSchema":"1a1c01bbd47fc00a2c39e90264f33305004495a9","hash":"49ec20f15efc96ad2c6b49d3bd0ff356bbc8d610"}
,"/Users/miniaikon/workspace/s9/back-s9demo-v3/src/validations/Twilio/twilioSms.js": {"path":"/Users/miniaikon/workspace/s9/back-s9demo-v3/src/validations/Twilio/twilioSms.js","statementMap":{"0":{"start":{"line":3,"column":21},"end":{"line":6,"column":2}},"1":{"start":{"line":8,"column":20},"end":{"line":15,"column":1}},"2":{"start":{"line":9,"column":2},"end":{"line":14,"column":4}},"3":{"start":{"line":10,"column":4},"end":{"line":13,"column":5}},"4":{"start":{"line":18,"column":21},"end":{"line":18,"column":51}},"5":{"start":{"line":19,"column":2},"end":{"line":19,"column":95}},"6":{"start":{"line":19,"column":29},"end":{"line":19,"column":93}},"7":{"start":{"line":21,"column":2},"end":{"line":21,"column":49}}},"fnMap":{"0":{"name":"(anonymous_0)","decl":{"start":{"line":8,"column":20},"end":{"line":8,"column":21}},"loc":{"start":{"line":8,"column":31},"end":{"line":15,"column":1}},"line":8},"1":{"name":"(anonymous_1)","decl":{"start":{"line":9,"column":26},"end":{"line":9,"column":27}},"loc":{"start":{"line":9,"column":35},"end":{"line":14,"column":3}},"line":9},"2":{"name":"validationTwilio","decl":{"start":{"line":17,"column":22},"end":{"line":17,"column":38}},"loc":{"start":{"line":17,"column":48},"end":{"line":22,"column":1}},"line":17}},"branchMap":{"0":{"loc":{"start":{"line":19,"column":2},"end":{"line":19,"column":95}},"type":"if","locations":[{"start":{"line":19,"column":2},"end":{"line":19,"column":95}},{"start":{},"end":{}}],"line":19}},"s":{"0":1,"1":1,"2":0,"3":0,"4":0,"5":0,"6":0,"7":0},"f":{"0":0,"1":0,"2":0},"b":{"0":[0,0]},"_coverageSchema":"1a1c01bbd47fc00a2c39e90264f33305004495a9","hash":"311496a96e287eebdc9a9c28e44fe7837f4ae265"}
,"/Users/miniaikon/workspace/s9/back-s9demo-v3/src/validations/profiles/password.js": {"path":"/Users/miniaikon/workspace/s9/back-s9demo-v3/src/validations/profiles/password.js","statementMap":{"0":{"start":{"line":3,"column":23},"end":{"line":15,"column":2}},"1":{"start":{"line":12,"column":18},"end":{"line":12,"column":65}},"2":{"start":{"line":17,"column":20},"end":{"line":24,"column":1}},"3":{"start":{"line":18,"column":2},"end":{"line":23,"column":4}},"4":{"start":{"line":19,"column":4},"end":{"line":22,"column":5}},"5":{"start":{"line":27,"column":21},"end":{"line":27,"column":53}},"6":{"start":{"line":28,"column":2},"end":{"line":30,"column":3}},"7":{"start":{"line":29,"column":4},"end":{"line":29,"column":68}},"8":{"start":{"line":32,"column":2},"end":{"line":32,"column":49}}},"fnMap":{"0":{"name":"(anonymous_0)","decl":{"start":{"line":12,"column":10},"end":{"line":12,"column":11}},"loc":{"start":{"line":12,"column":18},"end":{"line":12,"column":65}},"line":12},"1":{"name":"(anonymous_1)","decl":{"start":{"line":17,"column":20},"end":{"line":17,"column":21}},"loc":{"start":{"line":17,"column":31},"end":{"line":24,"column":1}},"line":17},"2":{"name":"(anonymous_2)","decl":{"start":{"line":18,"column":26},"end":{"line":18,"column":27}},"loc":{"start":{"line":18,"column":35},"end":{"line":23,"column":3}},"line":18},"3":{"name":"validationPassword","decl":{"start":{"line":26,"column":22},"end":{"line":26,"column":40}},"loc":{"start":{"line":26,"column":50},"end":{"line":33,"column":1}},"line":26}},"branchMap":{"0":{"loc":{"start":{"line":28,"column":2},"end":{"line":30,"column":3}},"type":"if","locations":[{"start":{"line":28,"column":2},"end":{"line":30,"column":3}},{"start":{},"end":{}}],"line":28}},"s":{"0":1,"1":0,"2":1,"3":0,"4":0,"5":0,"6":0,"7":0,"8":0},"f":{"0":0,"1":0,"2":0,"3":0},"b":{"0":[0,0]},"_coverageSchema":"1a1c01bbd47fc00a2c39e90264f33305004495a9","hash":"cd19cdbaecfdac4667b7dc38e7d208669183531d"}
,"/Users/miniaikon/workspace/s9/back-s9demo-v3/src/validations/profiles/profile.js": {"path":"/Users/miniaikon/workspace/s9/back-s9demo-v3/src/validations/profiles/profile.js","statementMap":{"0":{"start":{"line":3,"column":22},"end":{"line":6,"column":2}},"1":{"start":{"line":8,"column":20},"end":{"line":15,"column":1}},"2":{"start":{"line":9,"column":2},"end":{"line":14,"column":4}},"3":{"start":{"line":10,"column":4},"end":{"line":13,"column":5}},"4":{"start":{"line":18,"column":21},"end":{"line":18,"column":52}},"5":{"start":{"line":19,"column":2},"end":{"line":21,"column":3}},"6":{"start":{"line":20,"column":4},"end":{"line":20,"column":68}},"7":{"start":{"line":23,"column":2},"end":{"line":23,"column":49}}},"fnMap":{"0":{"name":"(anonymous_0)","decl":{"start":{"line":8,"column":20},"end":{"line":8,"column":21}},"loc":{"start":{"line":8,"column":31},"end":{"line":15,"column":1}},"line":8},"1":{"name":"(anonymous_1)","decl":{"start":{"line":9,"column":26},"end":{"line":9,"column":27}},"loc":{"start":{"line":9,"column":35},"end":{"line":14,"column":3}},"line":9},"2":{"name":"validationProfile","decl":{"start":{"line":17,"column":22},"end":{"line":17,"column":39}},"loc":{"start":{"line":17,"column":49},"end":{"line":24,"column":1}},"line":17}},"branchMap":{"0":{"loc":{"start":{"line":19,"column":2},"end":{"line":21,"column":3}},"type":"if","locations":[{"start":{"line":19,"column":2},"end":{"line":21,"column":3}},{"start":{},"end":{}}],"line":19}},"s":{"0":1,"1":1,"2":0,"3":0,"4":0,"5":0,"6":0,"7":0},"f":{"0":0,"1":0,"2":0},"b":{"0":[0,0]},"_coverageSchema":"1a1c01bbd47fc00a2c39e90264f33305004495a9","hash":"9ae47a57c18adbe8f63b40fd28b21a9a98fa562f"}
,"/Users/miniaikon/workspace/s9/back-s9demo-v3/src/validations/users/create.js": {"path":"/Users/miniaikon/workspace/s9/back-s9demo-v3/src/validations/users/create.js","statementMap":{"0":{"start":{"line":3,"column":19},"end":{"line":9,"column":2}},"1":{"start":{"line":11,"column":20},"end":{"line":18,"column":1}},"2":{"start":{"line":12,"column":2},"end":{"line":17,"column":4}},"3":{"start":{"line":13,"column":4},"end":{"line":16,"column":5}},"4":{"start":{"line":21,"column":21},"end":{"line":21,"column":49}},"5":{"start":{"line":22,"column":2},"end":{"line":22,"column":95}},"6":{"start":{"line":22,"column":29},"end":{"line":22,"column":93}},"7":{"start":{"line":24,"column":2},"end":{"line":24,"column":49}}},"fnMap":{"0":{"name":"(anonymous_0)","decl":{"start":{"line":11,"column":20},"end":{"line":11,"column":21}},"loc":{"start":{"line":11,"column":31},"end":{"line":18,"column":1}},"line":11},"1":{"name":"(anonymous_1)","decl":{"start":{"line":12,"column":26},"end":{"line":12,"column":27}},"loc":{"start":{"line":12,"column":35},"end":{"line":17,"column":3}},"line":12},"2":{"name":"validationUser","decl":{"start":{"line":20,"column":22},"end":{"line":20,"column":36}},"loc":{"start":{"line":20,"column":46},"end":{"line":25,"column":1}},"line":20}},"branchMap":{"0":{"loc":{"start":{"line":22,"column":2},"end":{"line":22,"column":95}},"type":"if","locations":[{"start":{"line":22,"column":2},"end":{"line":22,"column":95}},{"start":{},"end":{}}],"line":22}},"s":{"0":1,"1":1,"2":0,"3":0,"4":0,"5":0,"6":0,"7":0},"f":{"0":0,"1":0,"2":0},"b":{"0":[0,0]},"_coverageSchema":"1a1c01bbd47fc00a2c39e90264f33305004495a9","hash":"ff35c0f76c2e006c566214ed8490d30d1dc40e62"}
,"/Users/miniaikon/workspace/s9/back-s9demo-v3/src/validations/users/update.js": {"path":"/Users/miniaikon/workspace/s9/back-s9demo-v3/src/validations/users/update.js","statementMap":{"0":{"start":{"line":3,"column":19},"end":{"line":8,"column":2}},"1":{"start":{"line":10,"column":20},"end":{"line":17,"column":1}},"2":{"start":{"line":11,"column":2},"end":{"line":16,"column":4}},"3":{"start":{"line":12,"column":4},"end":{"line":15,"column":5}},"4":{"start":{"line":20,"column":21},"end":{"line":20,"column":49}},"5":{"start":{"line":21,"column":2},"end":{"line":21,"column":95}},"6":{"start":{"line":21,"column":29},"end":{"line":21,"column":93}},"7":{"start":{"line":23,"column":2},"end":{"line":23,"column":49}}},"fnMap":{"0":{"name":"(anonymous_0)","decl":{"start":{"line":10,"column":20},"end":{"line":10,"column":21}},"loc":{"start":{"line":10,"column":31},"end":{"line":17,"column":1}},"line":10},"1":{"name":"(anonymous_1)","decl":{"start":{"line":11,"column":26},"end":{"line":11,"column":27}},"loc":{"start":{"line":11,"column":35},"end":{"line":16,"column":3}},"line":11},"2":{"name":"validationUpdateUser","decl":{"start":{"line":19,"column":22},"end":{"line":19,"column":42}},"loc":{"start":{"line":19,"column":52},"end":{"line":24,"column":1}},"line":19}},"branchMap":{"0":{"loc":{"start":{"line":21,"column":2},"end":{"line":21,"column":95}},"type":"if","locations":[{"start":{"line":21,"column":2},"end":{"line":21,"column":95}},{"start":{},"end":{}}],"line":21}},"s":{"0":1,"1":1,"2":0,"3":0,"4":0,"5":0,"6":0,"7":0},"f":{"0":0,"1":0,"2":0},"b":{"0":[0,0]},"_coverageSchema":"1a1c01bbd47fc00a2c39e90264f33305004495a9","hash":"1535a589dbd7c9ffe3d11103aee1043cb21c44f9"}
,"/Users/miniaikon/workspace/s9/back-s9demo-v3/test/app.js": {"path":"/Users/miniaikon/workspace/s9/back-s9demo-v3/test/app.js","statementMap":{"0":{"start":{"line":8,"column":24},"end":{"line":14,"column":2}}},"fnMap":{},"branchMap":{},"s":{"0":1},"f":{},"b":{},"_coverageSchema":"1a1c01bbd47fc00a2c39e90264f33305004495a9","hash":"5686f386ac0f300e00da521e90baee739b6eb404"}
,"/Users/miniaikon/workspace/s9/back-s9demo-v3/test/mocks/users/findFirst.js": {"path":"/Users/miniaikon/workspace/s9/back-s9demo-v3/test/mocks/users/findFirst.js","statementMap":{"0":{"start":{"line":3,"column":25},"end":{"line":18,"column":1}},"1":{"start":{"line":4,"column":2},"end":{"line":17,"column":4}},"2":{"start":{"line":20,"column":29},"end":{"line":22,"column":1}},"3":{"start":{"line":21,"column":2},"end":{"line":21,"column":52}}},"fnMap":{"0":{"name":"(anonymous_0)","decl":{"start":{"line":3,"column":25},"end":{"line":3,"column":26}},"loc":{"start":{"line":3,"column":37},"end":{"line":18,"column":1}},"line":3},"1":{"name":"(anonymous_1)","decl":{"start":{"line":20,"column":29},"end":{"line":20,"column":30}},"loc":{"start":{"line":20,"column":41},"end":{"line":22,"column":1}},"line":20}},"branchMap":{},"s":{"0":1,"1":2,"2":1,"3":1},"f":{"0":2,"1":1},"b":{},"_coverageSchema":"1a1c01bbd47fc00a2c39e90264f33305004495a9","hash":"685d042d1964ac21522d750efbc72163bc9c3b28"}
}
